{"/Users/abe/Documents/GitHub/testdriven-app/services/client/src/App-modern.js": {"path":"/Users/abe/Documents/GitHub/testdriven-app/services/client/src/App-modern.js","statementMap":{"0":{"start":{"line":17,"column":16},"end":{"line":38,"column":1}},"1":{"start":{"line":18,"column":48},"end":{"line":18,"column":63}},"2":{"start":{"line":20,"column":2},"end":{"line":25,"column":9}},"3":{"start":{"line":21,"column":18},"end":{"line":21,"column":58}},"4":{"start":{"line":22,"column":4},"end":{"line":24,"column":5}},"5":{"start":{"line":23,"column":6},"end":{"line":23,"column":31}},"6":{"start":{"line":27,"column":16},"end":{"line":30,"column":3}},"7":{"start":{"line":28,"column":4},"end":{"line":28,"column":52}},"8":{"start":{"line":29,"column":4},"end":{"line":29,"column":29}},"9":{"start":{"line":32,"column":17},"end":{"line":35,"column":3}},"10":{"start":{"line":33,"column":4},"end":{"line":33,"column":32}},"11":{"start":{"line":34,"column":4},"end":{"line":34,"column":30}},"12":{"start":{"line":37,"column":2},"end":{"line":37,"column":44}},"13":{"start":{"line":40,"column":19},"end":{"line":55,"column":1}},"14":{"start":{"line":41,"column":32},"end":{"line":41,"column":68}},"15":{"start":{"line":43,"column":24},"end":{"line":48,"column":8}},"16":{"start":{"line":44,"column":4},"end":{"line":44,"column":31}},"17":{"start":{"line":45,"column":4},"end":{"line":47,"column":13}},"18":{"start":{"line":46,"column":6},"end":{"line":46,"column":45}},"19":{"start":{"line":50,"column":24},"end":{"line":52,"column":8}},"20":{"start":{"line":51,"column":4},"end":{"line":51,"column":43}},"21":{"start":{"line":54,"column":2},"end":{"line":54,"column":51}},"22":{"start":{"line":57,"column":12},"end":{"line":266,"column":1}},"23":{"start":{"line":59,"column":28},"end":{"line":59,"column":40}},"24":{"start":{"line":60,"column":34},"end":{"line":64,"column":4}},"25":{"start":{"line":65,"column":34},"end":{"line":69,"column":4}},"26":{"start":{"line":70,"column":32},"end":{"line":70,"column":47}},"27":{"start":{"line":73,"column":45},"end":{"line":73,"column":54}},"28":{"start":{"line":74,"column":52},"end":{"line":74,"column":64}},"29":{"start":{"line":77,"column":19},"end":{"line":88,"column":21}},"30":{"start":{"line":78,"column":4},"end":{"line":78,"column":21}},"31":{"start":{"line":79,"column":4},"end":{"line":87,"column":5}},"32":{"start":{"line":80,"column":18},"end":{"line":80,"column":85}},"33":{"start":{"line":81,"column":6},"end":{"line":81,"column":36}},"34":{"start":{"line":83,"column":6},"end":{"line":83,"column":50}},"35":{"start":{"line":84,"column":6},"end":{"line":84,"column":71}},"36":{"start":{"line":86,"column":6},"end":{"line":86,"column":24}},"37":{"start":{"line":91,"column":2},"end":{"line":93,"column":17}},"38":{"start":{"line":92,"column":4},"end":{"line":92,"column":15}},"39":{"start":{"line":96,"column":18},"end":{"line":111,"column":3}},"40":{"start":{"line":97,"column":4},"end":{"line":97,"column":27}},"41":{"start":{"line":98,"column":4},"end":{"line":98,"column":21}},"42":{"start":{"line":100,"column":4},"end":{"line":110,"column":5}},"43":{"start":{"line":101,"column":6},"end":{"line":101,"column":85}},"44":{"start":{"line":102,"column":6},"end":{"line":102,"column":23}},"45":{"start":{"line":103,"column":6},"end":{"line":103,"column":61}},"46":{"start":{"line":104,"column":6},"end":{"line":104,"column":59}},"47":{"start":{"line":106,"column":6},"end":{"line":106,"column":47}},"48":{"start":{"line":107,"column":6},"end":{"line":107,"column":69}},"49":{"start":{"line":109,"column":6},"end":{"line":109,"column":24}},"50":{"start":{"line":114,"column":23},"end":{"line":117,"column":3}},"51":{"start":{"line":115,"column":28},"end":{"line":115,"column":40}},"52":{"start":{"line":116,"column":4},"end":{"line":116,"column":54}},"53":{"start":{"line":116,"column":25},"end":{"line":116,"column":51}},"54":{"start":{"line":119,"column":27},"end":{"line":122,"column":3}},"55":{"start":{"line":120,"column":28},"end":{"line":120,"column":40}},"56":{"start":{"line":121,"column":4},"end":{"line":121,"column":54}},"57":{"start":{"line":121,"column":25},"end":{"line":121,"column":51}},"58":{"start":{"line":125,"column":31},"end":{"line":165,"column":3}},"59":{"start":{"line":126,"column":4},"end":{"line":126,"column":27}},"60":{"start":{"line":127,"column":21},"end":{"line":127,"column":65}},"61":{"start":{"line":129,"column":15},"end":{"line":132,"column":5}},"62":{"start":{"line":134,"column":4},"end":{"line":136,"column":5}},"63":{"start":{"line":135,"column":6},"end":{"line":135,"column":40}},"64":{"start":{"line":138,"column":4},"end":{"line":138,"column":21}},"65":{"start":{"line":140,"column":4},"end":{"line":164,"column":5}},"66":{"start":{"line":141,"column":18},"end":{"line":144,"column":7}},"67":{"start":{"line":146,"column":6},"end":{"line":146,"column":61}},"68":{"start":{"line":147,"column":6},"end":{"line":147,"column":33}},"69":{"start":{"line":148,"column":6},"end":{"line":148,"column":23}},"70":{"start":{"line":150,"column":6},"end":{"line":153,"column":8}},"71":{"start":{"line":155,"column":6},"end":{"line":155,"column":47}},"72":{"start":{"line":157,"column":6},"end":{"line":161,"column":7}},"73":{"start":{"line":158,"column":8},"end":{"line":158,"column":79}},"74":{"start":{"line":159,"column":13},"end":{"line":161,"column":7}},"75":{"start":{"line":160,"column":8},"end":{"line":160,"column":79}},"76":{"start":{"line":163,"column":6},"end":{"line":163,"column":24}},"77":{"start":{"line":168,"column":21},"end":{"line":173,"column":3}},"78":{"start":{"line":169,"column":4},"end":{"line":169,"column":13}},"79":{"start":{"line":170,"column":4},"end":{"line":170,"column":59}},"80":{"start":{"line":171,"column":4},"end":{"line":171,"column":59}},"81":{"start":{"line":172,"column":4},"end":{"line":172,"column":68}},"82":{"start":{"line":175,"column":2},"end":{"line":265,"column":4}}},"fnMap":{"0":{"name":"(anonymous_0)","decl":{"start":{"line":17,"column":16},"end":{"line":17,"column":17}},"loc":{"start":{"line":17,"column":22},"end":{"line":38,"column":1}},"line":17},"1":{"name":"(anonymous_1)","decl":{"start":{"line":20,"column":12},"end":{"line":20,"column":13}},"loc":{"start":{"line":20,"column":18},"end":{"line":25,"column":3}},"line":20},"2":{"name":"(anonymous_2)","decl":{"start":{"line":27,"column":16},"end":{"line":27,"column":17}},"loc":{"start":{"line":27,"column":27},"end":{"line":30,"column":3}},"line":27},"3":{"name":"(anonymous_3)","decl":{"start":{"line":32,"column":17},"end":{"line":32,"column":18}},"loc":{"start":{"line":32,"column":23},"end":{"line":35,"column":3}},"line":32},"4":{"name":"(anonymous_4)","decl":{"start":{"line":40,"column":19},"end":{"line":40,"column":20}},"loc":{"start":{"line":40,"column":25},"end":{"line":55,"column":1}},"line":40},"5":{"name":"(anonymous_5)","decl":{"start":{"line":43,"column":36},"end":{"line":43,"column":37}},"loc":{"start":{"line":43,"column":52},"end":{"line":48,"column":3}},"line":43},"6":{"name":"(anonymous_6)","decl":{"start":{"line":45,"column":15},"end":{"line":45,"column":16}},"loc":{"start":{"line":45,"column":21},"end":{"line":47,"column":5}},"line":45},"7":{"name":"(anonymous_7)","decl":{"start":{"line":50,"column":36},"end":{"line":50,"column":37}},"loc":{"start":{"line":50,"column":42},"end":{"line":52,"column":3}},"line":50},"8":{"name":"(anonymous_8)","decl":{"start":{"line":57,"column":12},"end":{"line":57,"column":13}},"loc":{"start":{"line":57,"column":18},"end":{"line":266,"column":1}},"line":57},"9":{"name":"(anonymous_9)","decl":{"start":{"line":77,"column":31},"end":{"line":77,"column":32}},"loc":{"start":{"line":77,"column":43},"end":{"line":88,"column":3}},"line":77},"10":{"name":"(anonymous_10)","decl":{"start":{"line":91,"column":12},"end":{"line":91,"column":13}},"loc":{"start":{"line":91,"column":18},"end":{"line":93,"column":3}},"line":91},"11":{"name":"(anonymous_11)","decl":{"start":{"line":96,"column":18},"end":{"line":96,"column":19}},"loc":{"start":{"line":96,"column":35},"end":{"line":111,"column":3}},"line":96},"12":{"name":"(anonymous_12)","decl":{"start":{"line":114,"column":23},"end":{"line":114,"column":24}},"loc":{"start":{"line":114,"column":34},"end":{"line":117,"column":3}},"line":114},"13":{"name":"(anonymous_13)","decl":{"start":{"line":116,"column":16},"end":{"line":116,"column":17}},"loc":{"start":{"line":116,"column":25},"end":{"line":116,"column":51}},"line":116},"14":{"name":"(anonymous_14)","decl":{"start":{"line":119,"column":27},"end":{"line":119,"column":28}},"loc":{"start":{"line":119,"column":38},"end":{"line":122,"column":3}},"line":119},"15":{"name":"(anonymous_15)","decl":{"start":{"line":121,"column":16},"end":{"line":121,"column":17}},"loc":{"start":{"line":121,"column":25},"end":{"line":121,"column":51}},"line":121},"16":{"name":"(anonymous_16)","decl":{"start":{"line":125,"column":31},"end":{"line":125,"column":32}},"loc":{"start":{"line":125,"column":48},"end":{"line":165,"column":3}},"line":125},"17":{"name":"(anonymous_17)","decl":{"start":{"line":168,"column":21},"end":{"line":168,"column":22}},"loc":{"start":{"line":168,"column":27},"end":{"line":173,"column":3}},"line":168}},"branchMap":{"0":{"loc":{"start":{"line":22,"column":4},"end":{"line":24,"column":5}},"type":"if","locations":[{"start":{"line":22,"column":4},"end":{"line":24,"column":5}},{"start":{},"end":{}}],"line":22},"1":{"loc":{"start":{"line":134,"column":4},"end":{"line":136,"column":5}},"type":"if","locations":[{"start":{"line":134,"column":4},"end":{"line":136,"column":5}},{"start":{},"end":{}}],"line":134},"2":{"loc":{"start":{"line":151,"column":8},"end":{"line":151,"column":87}},"type":"cond-expr","locations":[{"start":{"line":151,"column":34},"end":{"line":151,"column":69}},{"start":{"line":151,"column":72},"end":{"line":151,"column":87}}],"line":151},"3":{"loc":{"start":{"line":157,"column":6},"end":{"line":161,"column":7}},"type":"if","locations":[{"start":{"line":157,"column":6},"end":{"line":161,"column":7}},{"start":{"line":159,"column":13},"end":{"line":161,"column":7}}],"line":157},"4":{"loc":{"start":{"line":159,"column":13},"end":{"line":161,"column":7}},"type":"if","locations":[{"start":{"line":159,"column":13},"end":{"line":161,"column":7}},{"start":{},"end":{}}],"line":159},"5":{"loc":{"start":{"line":183,"column":9},"end":{"line":189,"column":9}},"type":"binary-expr","locations":[{"start":{"line":183,"column":9},"end":{"line":183,"column":21}},{"start":{"line":183,"column":25},"end":{"line":183,"column":37}},{"start":{"line":184,"column":10},"end":{"line":188,"column":12}}],"line":183}},"s":{"0":0,"1":0,"2":0,"3":0,"4":0,"5":0,"6":0,"7":0,"8":0,"9":0,"10":0,"11":0,"12":0,"13":0,"14":0,"15":0,"16":0,"17":0,"18":0,"19":0,"20":0,"21":0,"22":0,"23":0,"24":0,"25":0,"26":0,"27":0,"28":0,"29":0,"30":0,"31":0,"32":0,"33":0,"34":0,"35":0,"36":0,"37":0,"38":0,"39":0,"40":0,"41":0,"42":0,"43":0,"44":0,"45":0,"46":0,"47":0,"48":0,"49":0,"50":0,"51":0,"52":0,"53":0,"54":0,"55":0,"56":0,"57":0,"58":0,"59":0,"60":0,"61":0,"62":0,"63":0,"64":0,"65":0,"66":0,"67":0,"68":0,"69":0,"70":0,"71":0,"72":0,"73":0,"74":0,"75":0,"76":0,"77":0,"78":0,"79":0,"80":0,"81":0,"82":0},"f":{"0":0,"1":0,"2":0,"3":0,"4":0,"5":0,"6":0,"7":0,"8":0,"9":0,"10":0,"11":0,"12":0,"13":0,"14":0,"15":0,"16":0,"17":0},"b":{"0":[0,0],"1":[0,0],"2":[0,0],"3":[0,0],"4":[0,0],"5":[0,0,0]}}
,"/Users/abe/Documents/GitHub/testdriven-app/services/client/src/App.js": {"path":"/Users/abe/Documents/GitHub/testdriven-app/services/client/src/App.js","statementMap":{"0":{"start":{"line":22,"column":19},"end":{"line":37,"column":1}},"1":{"start":{"line":23,"column":32},"end":{"line":23,"column":68}},"2":{"start":{"line":25,"column":24},"end":{"line":30,"column":8}},"3":{"start":{"line":26,"column":4},"end":{"line":26,"column":31}},"4":{"start":{"line":27,"column":4},"end":{"line":29,"column":13}},"5":{"start":{"line":28,"column":6},"end":{"line":28,"column":45}},"6":{"start":{"line":32,"column":24},"end":{"line":34,"column":8}},"7":{"start":{"line":33,"column":4},"end":{"line":33,"column":43}},"8":{"start":{"line":36,"column":2},"end":{"line":36,"column":51}},"9":{"start":{"line":39,"column":12},"end":{"line":208,"column":1}},"10":{"start":{"line":41,"column":34},"end":{"line":45,"column":4}},"11":{"start":{"line":48,"column":45},"end":{"line":48,"column":54}},"12":{"start":{"line":49,"column":52},"end":{"line":49,"column":64}},"13":{"start":{"line":52,"column":75},"end":{"line":52,"column":85}},"14":{"start":{"line":53,"column":26},"end":{"line":53,"column":38}},"15":{"start":{"line":54,"column":46},"end":{"line":54,"column":64}},"16":{"start":{"line":57,"column":23},"end":{"line":60,"column":3}},"17":{"start":{"line":58,"column":28},"end":{"line":58,"column":40}},"18":{"start":{"line":59,"column":4},"end":{"line":59,"column":54}},"19":{"start":{"line":59,"column":25},"end":{"line":59,"column":51}},"20":{"start":{"line":65,"column":18},"end":{"line":76,"column":3}},"21":{"start":{"line":66,"column":4},"end":{"line":66,"column":27}},"22":{"start":{"line":68,"column":4},"end":{"line":75,"column":5}},"23":{"start":{"line":69,"column":6},"end":{"line":69,"column":50}},"24":{"start":{"line":70,"column":6},"end":{"line":70,"column":61}},"25":{"start":{"line":71,"column":6},"end":{"line":71,"column":59}},"26":{"start":{"line":73,"column":6},"end":{"line":73,"column":47}},"27":{"start":{"line":74,"column":6},"end":{"line":74,"column":69}},"28":{"start":{"line":79,"column":20},"end":{"line":106,"column":3}},"29":{"start":{"line":80,"column":4},"end":{"line":105,"column":5}},"30":{"start":{"line":82,"column":6},"end":{"line":82,"column":47}},"31":{"start":{"line":85,"column":23},"end":{"line":90,"column":8}},"32":{"start":{"line":92,"column":6},"end":{"line":100,"column":7}},"33":{"start":{"line":93,"column":29},"end":{"line":93,"column":50}},"34":{"start":{"line":95,"column":8},"end":{"line":95,"column":40}},"35":{"start":{"line":98,"column":8},"end":{"line":98,"column":45}},"36":{"start":{"line":99,"column":8},"end":{"line":99,"column":49}},"37":{"start":{"line":102,"column":6},"end":{"line":102,"column":43}},"38":{"start":{"line":103,"column":6},"end":{"line":103,"column":43}},"39":{"start":{"line":104,"column":6},"end":{"line":104,"column":64}},"40":{"start":{"line":109,"column":21},"end":{"line":113,"column":3}},"41":{"start":{"line":110,"column":4},"end":{"line":110,"column":13}},"42":{"start":{"line":111,"column":4},"end":{"line":111,"column":59}},"43":{"start":{"line":112,"column":4},"end":{"line":112,"column":68}},"44":{"start":{"line":116,"column":2},"end":{"line":127,"column":34}},"45":{"start":{"line":117,"column":4},"end":{"line":126,"column":5}},"46":{"start":{"line":119,"column":29},"end":{"line":119,"column":111}},"47":{"start":{"line":120,"column":6},"end":{"line":125,"column":7}},"48":{"start":{"line":121,"column":8},"end":{"line":121,"column":94}},"49":{"start":{"line":124,"column":8},"end":{"line":124,"column":73}},"50":{"start":{"line":129,"column":2},"end":{"line":207,"column":4}}},"fnMap":{"0":{"name":"(anonymous_0)","decl":{"start":{"line":22,"column":19},"end":{"line":22,"column":20}},"loc":{"start":{"line":22,"column":25},"end":{"line":37,"column":1}},"line":22},"1":{"name":"(anonymous_1)","decl":{"start":{"line":25,"column":36},"end":{"line":25,"column":37}},"loc":{"start":{"line":25,"column":52},"end":{"line":30,"column":3}},"line":25},"2":{"name":"(anonymous_2)","decl":{"start":{"line":27,"column":15},"end":{"line":27,"column":16}},"loc":{"start":{"line":27,"column":21},"end":{"line":29,"column":5}},"line":27},"3":{"name":"(anonymous_3)","decl":{"start":{"line":32,"column":36},"end":{"line":32,"column":37}},"loc":{"start":{"line":32,"column":42},"end":{"line":34,"column":3}},"line":32},"4":{"name":"(anonymous_4)","decl":{"start":{"line":39,"column":12},"end":{"line":39,"column":13}},"loc":{"start":{"line":39,"column":18},"end":{"line":208,"column":1}},"line":39},"5":{"name":"(anonymous_5)","decl":{"start":{"line":57,"column":23},"end":{"line":57,"column":24}},"loc":{"start":{"line":57,"column":34},"end":{"line":60,"column":3}},"line":57},"6":{"name":"(anonymous_6)","decl":{"start":{"line":59,"column":16},"end":{"line":59,"column":17}},"loc":{"start":{"line":59,"column":25},"end":{"line":59,"column":51}},"line":59},"7":{"name":"(anonymous_7)","decl":{"start":{"line":65,"column":18},"end":{"line":65,"column":19}},"loc":{"start":{"line":65,"column":35},"end":{"line":76,"column":3}},"line":65},"8":{"name":"(anonymous_8)","decl":{"start":{"line":79,"column":20},"end":{"line":79,"column":21}},"loc":{"start":{"line":79,"column":37},"end":{"line":106,"column":3}},"line":79},"9":{"name":"(anonymous_9)","decl":{"start":{"line":109,"column":21},"end":{"line":109,"column":22}},"loc":{"start":{"line":109,"column":27},"end":{"line":113,"column":3}},"line":109},"10":{"name":"(anonymous_10)","decl":{"start":{"line":116,"column":18},"end":{"line":116,"column":19}},"loc":{"start":{"line":116,"column":24},"end":{"line":127,"column":3}},"line":116}},"branchMap":{"0":{"loc":{"start":{"line":52,"column":16},"end":{"line":52,"column":26}},"type":"default-arg","locations":[{"start":{"line":52,"column":24},"end":{"line":52,"column":26}}],"line":52},"1":{"loc":{"start":{"line":92,"column":6},"end":{"line":100,"column":7}},"type":"if","locations":[{"start":{"line":92,"column":6},"end":{"line":100,"column":7}},{"start":{"line":97,"column":13},"end":{"line":100,"column":7}}],"line":92},"2":{"loc":{"start":{"line":117,"column":4},"end":{"line":126,"column":5}},"type":"if","locations":[{"start":{"line":117,"column":4},"end":{"line":126,"column":5}},{"start":{},"end":{}}],"line":117},"3":{"loc":{"start":{"line":119,"column":29},"end":{"line":119,"column":111}},"type":"binary-expr","locations":[{"start":{"line":119,"column":29},"end":{"line":119,"column":62}},{"start":{"line":119,"column":66},"end":{"line":119,"column":111}}],"line":119},"4":{"loc":{"start":{"line":120,"column":6},"end":{"line":125,"column":7}},"type":"if","locations":[{"start":{"line":120,"column":6},"end":{"line":125,"column":7}},{"start":{"line":123,"column":13},"end":{"line":125,"column":7}}],"line":120},"5":{"loc":{"start":{"line":137,"column":9},"end":{"line":143,"column":9}},"type":"binary-expr","locations":[{"start":{"line":137,"column":9},"end":{"line":137,"column":21}},{"start":{"line":137,"column":25},"end":{"line":137,"column":37}},{"start":{"line":138,"column":10},"end":{"line":142,"column":12}}],"line":137}},"s":{"0":1,"1":1,"2":1,"3":0,"4":0,"5":0,"6":1,"7":0,"8":1,"9":1,"10":1,"11":1,"12":1,"13":1,"14":1,"15":1,"16":1,"17":0,"18":0,"19":0,"20":1,"21":0,"22":0,"23":0,"24":0,"25":0,"26":0,"27":0,"28":1,"29":0,"30":0,"31":0,"32":0,"33":0,"34":0,"35":0,"36":0,"37":0,"38":0,"39":0,"40":1,"41":0,"42":0,"43":0,"44":1,"45":1,"46":0,"47":0,"48":0,"49":0,"50":1},"f":{"0":1,"1":0,"2":0,"3":0,"4":1,"5":0,"6":0,"7":0,"8":0,"9":0,"10":1},"b":{"0":[1],"1":[0,0],"2":[0,1],"3":[0,0],"4":[0,0],"5":[1,0,0]},"_coverageSchema":"1a1c01bbd47fc00a2c39e90264f33305004495a9","hash":"767e8e93363c3b1add49d557ab00d9db643dcdb0"}
,"/Users/abe/Documents/GitHub/testdriven-app/services/client/src/index.js": {"path":"/Users/abe/Documents/GitHub/testdriven-app/services/client/src/index.js","statementMap":{"0":{"start":{"line":14,"column":20},"end":{"line":21,"column":2}},"1":{"start":{"line":23,"column":18},"end":{"line":23,"column":49}},"2":{"start":{"line":24,"column":13},"end":{"line":24,"column":34}},"3":{"start":{"line":26,"column":0},"end":{"line":40,"column":2}}},"fnMap":{},"branchMap":{},"s":{"0":0,"1":0,"2":0,"3":0},"f":{},"b":{}}
,"/Users/abe/Documents/GitHub/testdriven-app/services/client/src/theme.js": {"path":"/Users/abe/Documents/GitHub/testdriven-app/services/client/src/theme.js","statementMap":{"0":{"start":{"line":4,"column":14},"end":{"line":105,"column":2}}},"fnMap":{},"branchMap":{},"s":{"0":2},"f":{},"b":{},"_coverageSchema":"1a1c01bbd47fc00a2c39e90264f33305004495a9","hash":"2374a1b7f8e9970e2b4cc6f5471b6d0d1b78ca2c"}
,"/Users/abe/Documents/GitHub/testdriven-app/services/client/src/components/About.jsx": {"path":"/Users/abe/Documents/GitHub/testdriven-app/services/client/src/components/About.jsx","statementMap":{"0":{"start":{"line":21,"column":14},"end":{"line":109,"column":1}},"1":{"start":{"line":22,"column":2},"end":{"line":108,"column":14}}},"fnMap":{"0":{"name":"(anonymous_0)","decl":{"start":{"line":21,"column":14},"end":{"line":21,"column":15}},"loc":{"start":{"line":22,"column":2},"end":{"line":108,"column":14}},"line":22}},"branchMap":{},"s":{"0":1,"1":0},"f":{"0":0},"b":{},"_coverageSchema":"1a1c01bbd47fc00a2c39e90264f33305004495a9","hash":"3be850fe7286a9bb96c1b329344ed1ecbf4efc2a"}
,"/Users/abe/Documents/GitHub/testdriven-app/services/client/src/components/AddUser.jsx": {"path":"/Users/abe/Documents/GitHub/testdriven-app/services/client/src/components/AddUser.jsx","statementMap":{"0":{"start":{"line":14,"column":16},"end":{"line":98,"column":1}},"1":{"start":{"line":15,"column":2},"end":{"line":23,"column":3}},"2":{"start":{"line":16,"column":4},"end":{"line":22,"column":6}},"3":{"start":{"line":25,"column":2},"end":{"line":97,"column":4}},"4":{"start":{"line":36,"column":49},"end":{"line":36,"column":69}}},"fnMap":{"0":{"name":"(anonymous_0)","decl":{"start":{"line":14,"column":16},"end":{"line":14,"column":17}},"loc":{"start":{"line":14,"column":27},"end":{"line":98,"column":1}},"line":14},"1":{"name":"(anonymous_1)","decl":{"start":{"line":36,"column":38},"end":{"line":36,"column":39}},"loc":{"start":{"line":36,"column":49},"end":{"line":36,"column":69}},"line":36}},"branchMap":{"0":{"loc":{"start":{"line":15,"column":2},"end":{"line":23,"column":3}},"type":"if","locations":[{"start":{"line":15,"column":2},"end":{"line":23,"column":3}},{"start":{},"end":{}}],"line":15}},"s":{"0":1,"1":0,"2":0,"3":0,"4":0},"f":{"0":0,"1":0},"b":{"0":[0,0]},"_coverageSchema":"1a1c01bbd47fc00a2c39e90264f33305004495a9","hash":"53a99df3b630848b06be0c2589123f287ef39ee1"}
,"/Users/abe/Documents/GitHub/testdriven-app/services/client/src/components/AdminPanel.jsx": {"path":"/Users/abe/Documents/GitHub/testdriven-app/services/client/src/components/AdminPanel.jsx","statementMap":{"0":{"start":{"line":27,"column":19},"end":{"line":322,"column":1}},"1":{"start":{"line":28,"column":30},"end":{"line":28,"column":39}},"2":{"start":{"line":29,"column":34},"end":{"line":29,"column":45}},"3":{"start":{"line":30,"column":28},"end":{"line":30,"column":40}},"4":{"start":{"line":31,"column":34},"end":{"line":31,"column":46}},"5":{"start":{"line":32,"column":46},"end":{"line":32,"column":58}},"6":{"start":{"line":33,"column":32},"end":{"line":33,"column":47}},"7":{"start":{"line":34,"column":32},"end":{"line":34,"column":64}},"8":{"start":{"line":36,"column":26},"end":{"line":38,"column":3}},"9":{"start":{"line":37,"column":4},"end":{"line":37,"column":26}},"10":{"start":{"line":40,"column":21},"end":{"line":61,"column":3}},"11":{"start":{"line":41,"column":4},"end":{"line":41,"column":21}},"12":{"start":{"line":42,"column":4},"end":{"line":59,"column":5}},"13":{"start":{"line":43,"column":20},"end":{"line":43,"column":53}},"14":{"start":{"line":44,"column":23},"end":{"line":49,"column":8}},"15":{"start":{"line":51,"column":6},"end":{"line":56,"column":7}},"16":{"start":{"line":52,"column":21},"end":{"line":52,"column":42}},"17":{"start":{"line":53,"column":8},"end":{"line":53,"column":34}},"18":{"start":{"line":55,"column":8},"end":{"line":55,"column":69}},"19":{"start":{"line":58,"column":6},"end":{"line":58,"column":66}},"20":{"start":{"line":60,"column":4},"end":{"line":60,"column":22}},"21":{"start":{"line":63,"column":24},"end":{"line":84,"column":3}},"22":{"start":{"line":64,"column":4},"end":{"line":64,"column":21}},"23":{"start":{"line":65,"column":4},"end":{"line":82,"column":5}},"24":{"start":{"line":66,"column":20},"end":{"line":66,"column":53}},"25":{"start":{"line":67,"column":23},"end":{"line":72,"column":8}},"26":{"start":{"line":74,"column":6},"end":{"line":79,"column":7}},"27":{"start":{"line":75,"column":21},"end":{"line":75,"column":42}},"28":{"start":{"line":76,"column":8},"end":{"line":76,"column":40}},"29":{"start":{"line":78,"column":8},"end":{"line":78,"column":72}},"30":{"start":{"line":81,"column":6},"end":{"line":81,"column":69}},"31":{"start":{"line":83,"column":4},"end":{"line":83,"column":22}},"32":{"start":{"line":86,"column":30},"end":{"line":107,"column":3}},"33":{"start":{"line":87,"column":4},"end":{"line":87,"column":21}},"34":{"start":{"line":88,"column":4},"end":{"line":105,"column":5}},"35":{"start":{"line":89,"column":20},"end":{"line":89,"column":53}},"36":{"start":{"line":90,"column":23},"end":{"line":95,"column":8}},"37":{"start":{"line":97,"column":6},"end":{"line":102,"column":7}},"38":{"start":{"line":98,"column":21},"end":{"line":98,"column":42}},"39":{"start":{"line":99,"column":8},"end":{"line":99,"column":46}},"40":{"start":{"line":101,"column":8},"end":{"line":101,"column":79}},"41":{"start":{"line":104,"column":6},"end":{"line":104,"column":76}},"42":{"start":{"line":106,"column":4},"end":{"line":106,"column":22}},"43":{"start":{"line":109,"column":2},"end":{"line":115,"column":34}},"44":{"start":{"line":110,"column":4},"end":{"line":114,"column":5}},"45":{"start":{"line":111,"column":6},"end":{"line":113,"column":53}},"46":{"start":{"line":111,"column":26},"end":{"line":111,"column":39}},"47":{"start":{"line":112,"column":11},"end":{"line":113,"column":53}},"48":{"start":{"line":112,"column":31},"end":{"line":112,"column":47}},"49":{"start":{"line":113,"column":11},"end":{"line":113,"column":53}},"50":{"start":{"line":113,"column":31},"end":{"line":113,"column":53}},"51":{"start":{"line":117,"column":2},"end":{"line":125,"column":3}},"52":{"start":{"line":118,"column":4},"end":{"line":124,"column":6}},"53":{"start":{"line":127,"column":22},"end":{"line":137,"column":3}},"54":{"start":{"line":128,"column":4},"end":{"line":136,"column":5}},"55":{"start":{"line":129,"column":6},"end":{"line":129,"column":69}},"56":{"start":{"line":130,"column":11},"end":{"line":136,"column":5}},"57":{"start":{"line":131,"column":6},"end":{"line":131,"column":73}},"58":{"start":{"line":132,"column":11},"end":{"line":136,"column":5}},"59":{"start":{"line":133,"column":6},"end":{"line":133,"column":65}},"60":{"start":{"line":135,"column":6},"end":{"line":135,"column":64}},"61":{"start":{"line":139,"column":2},"end":{"line":321,"column":4}},"62":{"start":{"line":154,"column":29},"end":{"line":154,"column":63}},"63":{"start":{"line":196,"column":22},"end":{"line":214,"column":33}},"64":{"start":{"line":241,"column":22},"end":{"line":255,"column":33}},"65":{"start":{"line":282,"column":22},"end":{"line":306,"column":33}}},"fnMap":{"0":{"name":"(anonymous_0)","decl":{"start":{"line":27,"column":19},"end":{"line":27,"column":20}},"loc":{"start":{"line":27,"column":25},"end":{"line":322,"column":1}},"line":27},"1":{"name":"(anonymous_1)","decl":{"start":{"line":36,"column":26},"end":{"line":36,"column":27}},"loc":{"start":{"line":36,"column":47},"end":{"line":38,"column":3}},"line":36},"2":{"name":"(anonymous_2)","decl":{"start":{"line":40,"column":21},"end":{"line":40,"column":22}},"loc":{"start":{"line":40,"column":33},"end":{"line":61,"column":3}},"line":40},"3":{"name":"(anonymous_3)","decl":{"start":{"line":63,"column":24},"end":{"line":63,"column":25}},"loc":{"start":{"line":63,"column":36},"end":{"line":84,"column":3}},"line":63},"4":{"name":"(anonymous_4)","decl":{"start":{"line":86,"column":30},"end":{"line":86,"column":31}},"loc":{"start":{"line":86,"column":42},"end":{"line":107,"column":3}},"line":86},"5":{"name":"(anonymous_5)","decl":{"start":{"line":109,"column":12},"end":{"line":109,"column":13}},"loc":{"start":{"line":109,"column":18},"end":{"line":115,"column":3}},"line":109},"6":{"name":"(anonymous_6)","decl":{"start":{"line":127,"column":22},"end":{"line":127,"column":23}},"loc":{"start":{"line":127,"column":32},"end":{"line":137,"column":3}},"line":127},"7":{"name":"(anonymous_7)","decl":{"start":{"line":154,"column":23},"end":{"line":154,"column":24}},"loc":{"start":{"line":154,"column":29},"end":{"line":154,"column":63}},"line":154},"8":{"name":"(anonymous_8)","decl":{"start":{"line":195,"column":31},"end":{"line":195,"column":32}},"loc":{"start":{"line":196,"column":22},"end":{"line":214,"column":33}},"line":196},"9":{"name":"(anonymous_9)","decl":{"start":{"line":240,"column":34},"end":{"line":240,"column":35}},"loc":{"start":{"line":241,"column":22},"end":{"line":255,"column":33}},"line":241},"10":{"name":"(anonymous_10)","decl":{"start":{"line":281,"column":40},"end":{"line":281,"column":41}},"loc":{"start":{"line":282,"column":22},"end":{"line":306,"column":33}},"line":282}},"branchMap":{"0":{"loc":{"start":{"line":51,"column":6},"end":{"line":56,"column":7}},"type":"if","locations":[{"start":{"line":51,"column":6},"end":{"line":56,"column":7}},{"start":{"line":54,"column":13},"end":{"line":56,"column":7}}],"line":51},"1":{"loc":{"start":{"line":74,"column":6},"end":{"line":79,"column":7}},"type":"if","locations":[{"start":{"line":74,"column":6},"end":{"line":79,"column":7}},{"start":{"line":77,"column":13},"end":{"line":79,"column":7}}],"line":74},"2":{"loc":{"start":{"line":97,"column":6},"end":{"line":102,"column":7}},"type":"if","locations":[{"start":{"line":97,"column":6},"end":{"line":102,"column":7}},{"start":{"line":100,"column":13},"end":{"line":102,"column":7}}],"line":97},"3":{"loc":{"start":{"line":110,"column":4},"end":{"line":114,"column":5}},"type":"if","locations":[{"start":{"line":110,"column":4},"end":{"line":114,"column":5}},{"start":{},"end":{}}],"line":110},"4":{"loc":{"start":{"line":111,"column":6},"end":{"line":113,"column":53}},"type":"if","locations":[{"start":{"line":111,"column":6},"end":{"line":113,"column":53}},{"start":{"line":112,"column":11},"end":{"line":113,"column":53}}],"line":111},"5":{"loc":{"start":{"line":112,"column":11},"end":{"line":113,"column":53}},"type":"if","locations":[{"start":{"line":112,"column":11},"end":{"line":113,"column":53}},{"start":{"line":113,"column":11},"end":{"line":113,"column":53}}],"line":112},"6":{"loc":{"start":{"line":113,"column":11},"end":{"line":113,"column":53}},"type":"if","locations":[{"start":{"line":113,"column":11},"end":{"line":113,"column":53}},{"start":{},"end":{}}],"line":113},"7":{"loc":{"start":{"line":117,"column":2},"end":{"line":125,"column":3}},"type":"if","locations":[{"start":{"line":117,"column":2},"end":{"line":125,"column":3}},{"start":{},"end":{}}],"line":117},"8":{"loc":{"start":{"line":128,"column":4},"end":{"line":136,"column":5}},"type":"if","locations":[{"start":{"line":128,"column":4},"end":{"line":136,"column":5}},{"start":{"line":130,"column":11},"end":{"line":136,"column":5}}],"line":128},"9":{"loc":{"start":{"line":130,"column":11},"end":{"line":136,"column":5}},"type":"if","locations":[{"start":{"line":130,"column":11},"end":{"line":136,"column":5}},{"start":{"line":132,"column":11},"end":{"line":136,"column":5}}],"line":130},"10":{"loc":{"start":{"line":132,"column":11},"end":{"line":136,"column":5}},"type":"if","locations":[{"start":{"line":132,"column":11},"end":{"line":136,"column":5}},{"start":{"line":134,"column":11},"end":{"line":136,"column":5}}],"line":132},"11":{"loc":{"start":{"line":150,"column":11},"end":{"line":158,"column":11}},"type":"binary-expr","locations":[{"start":{"line":150,"column":11},"end":{"line":150,"column":23}},{"start":{"line":151,"column":12},"end":{"line":157,"column":20}}],"line":150},"12":{"loc":{"start":{"line":179,"column":11},"end":{"line":220,"column":11}},"type":"binary-expr","locations":[{"start":{"line":179,"column":11},"end":{"line":179,"column":25}},{"start":{"line":180,"column":12},"end":{"line":219,"column":18}}],"line":179},"13":{"loc":{"start":{"line":203,"column":35},"end":{"line":203,"column":70}},"type":"cond-expr","locations":[{"start":{"line":203,"column":49},"end":{"line":203,"column":57}},{"start":{"line":203,"column":60},"end":{"line":203,"column":70}}],"line":203},"14":{"loc":{"start":{"line":204,"column":35},"end":{"line":204,"column":70}},"type":"cond-expr","locations":[{"start":{"line":204,"column":49},"end":{"line":204,"column":58}},{"start":{"line":204,"column":61},"end":{"line":204,"column":70}}],"line":204},"15":{"loc":{"start":{"line":209,"column":27},"end":{"line":211,"column":36}},"type":"cond-expr","locations":[{"start":{"line":210,"column":30},"end":{"line":210,"column":62}},{"start":{"line":211,"column":30},"end":{"line":211,"column":36}}],"line":209},"16":{"loc":{"start":{"line":223,"column":11},"end":{"line":261,"column":11}},"type":"binary-expr","locations":[{"start":{"line":223,"column":11},"end":{"line":223,"column":25}},{"start":{"line":224,"column":12},"end":{"line":260,"column":18}}],"line":223},"17":{"loc":{"start":{"line":248,"column":35},"end":{"line":248,"column":73}},"type":"cond-expr","locations":[{"start":{"line":248,"column":52},"end":{"line":248,"column":60}},{"start":{"line":248,"column":63},"end":{"line":248,"column":73}}],"line":248},"18":{"loc":{"start":{"line":249,"column":35},"end":{"line":249,"column":73}},"type":"cond-expr","locations":[{"start":{"line":249,"column":52},"end":{"line":249,"column":61}},{"start":{"line":249,"column":64},"end":{"line":249,"column":73}}],"line":249},"19":{"loc":{"start":{"line":264,"column":11},"end":{"line":317,"column":11}},"type":"binary-expr","locations":[{"start":{"line":264,"column":11},"end":{"line":264,"column":25}},{"start":{"line":265,"column":12},"end":{"line":316,"column":18}}],"line":264},"20":{"loc":{"start":{"line":311,"column":15},"end":{"line":315,"column":15}},"type":"binary-expr","locations":[{"start":{"line":311,"column":15},"end":{"line":311,"column":42}},{"start":{"line":312,"column":16},"end":{"line":314,"column":29}}],"line":311}},"s":{"0":1,"1":0,"2":0,"3":0,"4":0,"5":0,"6":0,"7":0,"8":0,"9":0,"10":0,"11":0,"12":0,"13":0,"14":0,"15":0,"16":0,"17":0,"18":0,"19":0,"20":0,"21":0,"22":0,"23":0,"24":0,"25":0,"26":0,"27":0,"28":0,"29":0,"30":0,"31":0,"32":0,"33":0,"34":0,"35":0,"36":0,"37":0,"38":0,"39":0,"40":0,"41":0,"42":0,"43":0,"44":0,"45":0,"46":0,"47":0,"48":0,"49":0,"50":0,"51":0,"52":0,"53":0,"54":0,"55":0,"56":0,"57":0,"58":0,"59":0,"60":0,"61":0,"62":0,"63":0,"64":0,"65":0},"f":{"0":0,"1":0,"2":0,"3":0,"4":0,"5":0,"6":0,"7":0,"8":0,"9":0,"10":0},"b":{"0":[0,0],"1":[0,0],"2":[0,0],"3":[0,0],"4":[0,0],"5":[0,0],"6":[0,0],"7":[0,0],"8":[0,0],"9":[0,0],"10":[0,0],"11":[0,0],"12":[0,0],"13":[0,0],"14":[0,0],"15":[0,0],"16":[0,0],"17":[0,0],"18":[0,0],"19":[0,0],"20":[0,0]},"_coverageSchema":"1a1c01bbd47fc00a2c39e90264f33305004495a9","hash":"d4d953b15629f8db2abd54118bd1048c94c93d52"}
,"/Users/abe/Documents/GitHub/testdriven-app/services/client/src/components/AuthComponent.jsx": {"path":"/Users/abe/Documents/GitHub/testdriven-app/services/client/src/components/AuthComponent.jsx","statementMap":{"0":{"start":{"line":7,"column":4},"end":{"line":7,"column":17}},"1":{"start":{"line":8,"column":4},"end":{"line":17,"column":6}},"2":{"start":{"line":19,"column":4},"end":{"line":19,"column":53}},"3":{"start":{"line":20,"column":4},"end":{"line":20,"column":63}},"4":{"start":{"line":21,"column":4},"end":{"line":21,"column":49}},"5":{"start":{"line":26,"column":4},"end":{"line":28,"column":7}},"6":{"start":{"line":27,"column":6},"end":{"line":27,"column":34}},"7":{"start":{"line":32,"column":4},"end":{"line":34,"column":5}},"8":{"start":{"line":33,"column":6},"end":{"line":33,"column":32}},"9":{"start":{"line":38,"column":28},"end":{"line":38,"column":40}},"10":{"start":{"line":39,"column":4},"end":{"line":39,"column":50}},"11":{"start":{"line":43,"column":4},"end":{"line":43,"column":27}},"12":{"start":{"line":45,"column":68},"end":{"line":45,"column":78}},"13":{"start":{"line":48,"column":4},"end":{"line":51,"column":5}},"14":{"start":{"line":49,"column":6},"end":{"line":49,"column":69}},"15":{"start":{"line":50,"column":6},"end":{"line":50,"column":13}},"16":{"start":{"line":53,"column":4},"end":{"line":62,"column":5}},"17":{"start":{"line":54,"column":6},"end":{"line":57,"column":7}},"18":{"start":{"line":55,"column":8},"end":{"line":55,"column":71}},"19":{"start":{"line":56,"column":8},"end":{"line":56,"column":15}},"20":{"start":{"line":58,"column":6},"end":{"line":61,"column":7}},"21":{"start":{"line":59,"column":8},"end":{"line":59,"column":59}},"22":{"start":{"line":60,"column":8},"end":{"line":60,"column":15}},"23":{"start":{"line":64,"column":4},"end":{"line":64,"column":52}},"24":{"start":{"line":66,"column":4},"end":{"line":111,"column":5}},"25":{"start":{"line":67,"column":6},"end":{"line":105,"column":7}},"26":{"start":{"line":69,"column":23},"end":{"line":69,"column":77}},"27":{"start":{"line":70,"column":8},"end":{"line":70,"column":49}},"28":{"start":{"line":73,"column":8},"end":{"line":77,"column":11}},"29":{"start":{"line":80,"column":8},"end":{"line":82,"column":9}},"30":{"start":{"line":81,"column":10},"end":{"line":81,"column":48}},"31":{"start":{"line":85,"column":23},"end":{"line":89,"column":10}},"32":{"start":{"line":90,"column":8},"end":{"line":90,"column":56}},"33":{"start":{"line":93,"column":8},"end":{"line":99,"column":11}},"34":{"start":{"line":102,"column":8},"end":{"line":104,"column":9}},"35":{"start":{"line":103,"column":10},"end":{"line":103,"column":48}},"36":{"start":{"line":107,"column":6},"end":{"line":110,"column":9}},"37":{"start":{"line":115,"column":4},"end":{"line":122,"column":8}},"38":{"start":{"line":115,"column":32},"end":{"line":122,"column":5}},"39":{"start":{"line":135,"column":8},"end":{"line":135,"column":18}},"40":{"start":{"line":137,"column":4},"end":{"line":283,"column":6}}},"fnMap":{"0":{"name":"(anonymous_0)","decl":{"start":{"line":6,"column":2},"end":{"line":6,"column":3}},"loc":{"start":{"line":6,"column":21},"end":{"line":22,"column":3}},"line":6},"1":{"name":"(anonymous_1)","decl":{"start":{"line":24,"column":2},"end":{"line":24,"column":3}},"loc":{"start":{"line":24,"column":22},"end":{"line":29,"column":3}},"line":24},"2":{"name":"(anonymous_2)","decl":{"start":{"line":26,"column":54},"end":{"line":26,"column":55}},"loc":{"start":{"line":26,"column":68},"end":{"line":28,"column":5}},"line":26},"3":{"name":"(anonymous_3)","decl":{"start":{"line":31,"column":2},"end":{"line":31,"column":3}},"loc":{"start":{"line":31,"column":25},"end":{"line":35,"column":3}},"line":31},"4":{"name":"(anonymous_4)","decl":{"start":{"line":37,"column":2},"end":{"line":37,"column":3}},"loc":{"start":{"line":37,"column":27},"end":{"line":40,"column":3}},"line":37},"5":{"name":"(anonymous_5)","decl":{"start":{"line":42,"column":2},"end":{"line":42,"column":3}},"loc":{"start":{"line":42,"column":28},"end":{"line":112,"column":3}},"line":42},"6":{"name":"(anonymous_6)","decl":{"start":{"line":114,"column":2},"end":{"line":114,"column":3}},"loc":{"start":{"line":114,"column":15},"end":{"line":123,"column":3}},"line":114},"7":{"name":"(anonymous_7)","decl":{"start":{"line":115,"column":18},"end":{"line":115,"column":19}},"loc":{"start":{"line":115,"column":32},"end":{"line":122,"column":5}},"line":115},"8":{"name":"(anonymous_8)","decl":{"start":{"line":125,"column":2},"end":{"line":125,"column":3}},"loc":{"start":{"line":125,"column":11},"end":{"line":284,"column":3}},"line":125}},"branchMap":{"0":{"loc":{"start":{"line":32,"column":4},"end":{"line":34,"column":5}},"type":"if","locations":[{"start":{"line":32,"column":4},"end":{"line":34,"column":5}},{"start":{},"end":{}}],"line":32},"1":{"loc":{"start":{"line":48,"column":4},"end":{"line":51,"column":5}},"type":"if","locations":[{"start":{"line":48,"column":4},"end":{"line":51,"column":5}},{"start":{},"end":{}}],"line":48},"2":{"loc":{"start":{"line":48,"column":8},"end":{"line":48,"column":30}},"type":"binary-expr","locations":[{"start":{"line":48,"column":8},"end":{"line":48,"column":17}},{"start":{"line":48,"column":21},"end":{"line":48,"column":30}}],"line":48},"3":{"loc":{"start":{"line":53,"column":4},"end":{"line":62,"column":5}},"type":"if","locations":[{"start":{"line":53,"column":4},"end":{"line":62,"column":5}},{"start":{},"end":{}}],"line":53},"4":{"loc":{"start":{"line":54,"column":6},"end":{"line":57,"column":7}},"type":"if","locations":[{"start":{"line":54,"column":6},"end":{"line":57,"column":7}},{"start":{},"end":{}}],"line":54},"5":{"loc":{"start":{"line":58,"column":6},"end":{"line":61,"column":7}},"type":"if","locations":[{"start":{"line":58,"column":6},"end":{"line":61,"column":7}},{"start":{},"end":{}}],"line":58},"6":{"loc":{"start":{"line":67,"column":6},"end":{"line":105,"column":7}},"type":"if","locations":[{"start":{"line":67,"column":6},"end":{"line":105,"column":7}},{"start":{"line":83,"column":13},"end":{"line":105,"column":7}}],"line":67},"7":{"loc":{"start":{"line":80,"column":8},"end":{"line":82,"column":9}},"type":"if","locations":[{"start":{"line":80,"column":8},"end":{"line":82,"column":9}},{"start":{},"end":{}}],"line":80},"8":{"loc":{"start":{"line":102,"column":8},"end":{"line":104,"column":9}},"type":"if","locations":[{"start":{"line":102,"column":8},"end":{"line":104,"column":9}},{"start":{},"end":{}}],"line":102},"9":{"loc":{"start":{"line":140,"column":11},"end":{"line":140,"column":47}},"type":"cond-expr","locations":[{"start":{"line":140,"column":21},"end":{"line":140,"column":31}},{"start":{"line":140,"column":34},"end":{"line":140,"column":47}}],"line":140},"10":{"loc":{"start":{"line":141,"column":11},"end":{"line":145,"column":11}},"type":"binary-expr","locations":[{"start":{"line":141,"column":11},"end":{"line":141,"column":20}},{"start":{"line":142,"column":12},"end":{"line":144,"column":19}}],"line":141},"11":{"loc":{"start":{"line":148,"column":9},"end":{"line":153,"column":9}},"type":"binary-expr","locations":[{"start":{"line":148,"column":9},"end":{"line":148,"column":18}},{"start":{"line":149,"column":10},"end":{"line":152,"column":16}}],"line":148},"12":{"loc":{"start":{"line":155,"column":9},"end":{"line":159,"column":9}},"type":"binary-expr","locations":[{"start":{"line":155,"column":9},"end":{"line":155,"column":14}},{"start":{"line":156,"column":10},"end":{"line":158,"column":16}}],"line":155},"13":{"loc":{"start":{"line":182,"column":11},"end":{"line":200,"column":11}},"type":"binary-expr","locations":[{"start":{"line":182,"column":11},"end":{"line":182,"column":19}},{"start":{"line":183,"column":12},"end":{"line":199,"column":18}}],"line":182},"14":{"loc":{"start":{"line":222,"column":11},"end":{"line":240,"column":11}},"type":"binary-expr","locations":[{"start":{"line":222,"column":11},"end":{"line":222,"column":19}},{"start":{"line":223,"column":12},"end":{"line":239,"column":18}}],"line":222},"15":{"loc":{"start":{"line":246,"column":61},"end":{"line":246,"column":90}},"type":"cond-expr","locations":[{"start":{"line":246,"column":73},"end":{"line":246,"column":85}},{"start":{"line":246,"column":88},"end":{"line":246,"column":90}}],"line":246},"16":{"loc":{"start":{"line":250,"column":17},"end":{"line":250,"column":53}},"type":"cond-expr","locations":[{"start":{"line":250,"column":27},"end":{"line":250,"column":37}},{"start":{"line":250,"column":40},"end":{"line":250,"column":53}}],"line":250},"17":{"loc":{"start":{"line":263,"column":13},"end":{"line":265,"column":53}},"type":"cond-expr","locations":[{"start":{"line":264,"column":16},"end":{"line":264,"column":54}},{"start":{"line":265,"column":16},"end":{"line":265,"column":53}}],"line":263},"18":{"loc":{"start":{"line":271,"column":9},"end":{"line":281,"column":9}},"type":"binary-expr","locations":[{"start":{"line":271,"column":9},"end":{"line":271,"column":18}},{"start":{"line":272,"column":10},"end":{"line":280,"column":16}}],"line":271}},"s":{"0":0,"1":0,"2":0,"3":0,"4":0,"5":0,"6":0,"7":0,"8":0,"9":0,"10":0,"11":0,"12":0,"13":0,"14":0,"15":0,"16":0,"17":0,"18":0,"19":0,"20":0,"21":0,"22":0,"23":0,"24":0,"25":0,"26":0,"27":0,"28":0,"29":0,"30":0,"31":0,"32":0,"33":0,"34":0,"35":0,"36":0,"37":0,"38":0,"39":0,"40":0},"f":{"0":0,"1":0,"2":0,"3":0,"4":0,"5":0,"6":0,"7":0,"8":0},"b":{"0":[0,0],"1":[0,0],"2":[0,0],"3":[0,0],"4":[0,0],"5":[0,0],"6":[0,0],"7":[0,0],"8":[0,0],"9":[0,0],"10":[0,0],"11":[0,0],"12":[0,0],"13":[0,0],"14":[0,0],"15":[0,0],"16":[0,0],"17":[0,0],"18":[0,0]}}
,"/Users/abe/Documents/GitHub/testdriven-app/services/client/src/components/ConflictResolver.jsx": {"path":"/Users/abe/Documents/GitHub/testdriven-app/services/client/src/components/ConflictResolver.jsx","statementMap":{"0":{"start":{"line":6,"column":4},"end":{"line":6,"column":17}},"1":{"start":{"line":7,"column":4},"end":{"line":12,"column":6}},"2":{"start":{"line":14,"column":4},"end":{"line":14,"column":57}},"3":{"start":{"line":15,"column":4},"end":{"line":15,"column":59}},"4":{"start":{"line":16,"column":4},"end":{"line":16,"column":49}},"5":{"start":{"line":21,"column":4},"end":{"line":21,"column":72}},"6":{"start":{"line":24,"column":29},"end":{"line":24,"column":67}},"7":{"start":{"line":25,"column":4},"end":{"line":27,"column":5}},"8":{"start":{"line":26,"column":6},"end":{"line":26,"column":53}},"9":{"start":{"line":31,"column":4},"end":{"line":33,"column":5}},"10":{"start":{"line":32,"column":6},"end":{"line":32,"column":25}},"11":{"start":{"line":37,"column":4},"end":{"line":43,"column":5}},"12":{"start":{"line":38,"column":6},"end":{"line":42,"column":10}},"13":{"start":{"line":38,"column":34},"end":{"line":42,"column":7}},"14":{"start":{"line":47,"column":33},"end":{"line":47,"column":43}},"15":{"start":{"line":48,"column":4},"end":{"line":48,"column":34}},"16":{"start":{"line":48,"column":27},"end":{"line":48,"column":34}},"17":{"start":{"line":50,"column":4},"end":{"line":50,"column":80}},"18":{"start":{"line":52,"column":4},"end":{"line":57,"column":8}},"19":{"start":{"line":52,"column":32},"end":{"line":57,"column":5}},"20":{"start":{"line":53,"column":49},"end":{"line":53,"column":77}},"21":{"start":{"line":61,"column":4},"end":{"line":65,"column":7}},"22":{"start":{"line":69,"column":4},"end":{"line":74,"column":8}},"23":{"start":{"line":69,"column":32},"end":{"line":74,"column":5}},"24":{"start":{"line":78,"column":56},"end":{"line":78,"column":66}},"25":{"start":{"line":80,"column":4},"end":{"line":80,"column":53}},"26":{"start":{"line":80,"column":41},"end":{"line":80,"column":53}},"27":{"start":{"line":82,"column":38},"end":{"line":82,"column":54}},"28":{"start":{"line":84,"column":4},"end":{"line":216,"column":6}},"29":{"start":{"line":156,"column":37},"end":{"line":156,"column":92}},"30":{"start":{"line":168,"column":37},"end":{"line":168,"column":89}},"31":{"start":{"line":179,"column":31},"end":{"line":179,"column":60}},"32":{"start":{"line":185,"column":31},"end":{"line":185,"column":61}},"33":{"start":{"line":191,"column":31},"end":{"line":191,"column":60}},"34":{"start":{"line":197,"column":31},"end":{"line":201,"column":18}},"35":{"start":{"line":220,"column":26},"end":{"line":220,"column":36}},"36":{"start":{"line":222,"column":4},"end":{"line":222,"column":44}},"37":{"start":{"line":222,"column":32},"end":{"line":222,"column":44}},"38":{"start":{"line":224,"column":4},"end":{"line":238,"column":6}},"39":{"start":{"line":230,"column":25},"end":{"line":233,"column":12}},"40":{"start":{"line":242,"column":4},"end":{"line":247,"column":6}}},"fnMap":{"0":{"name":"(anonymous_0)","decl":{"start":{"line":5,"column":2},"end":{"line":5,"column":3}},"loc":{"start":{"line":5,"column":21},"end":{"line":17,"column":3}},"line":5},"1":{"name":"(anonymous_1)","decl":{"start":{"line":19,"column":2},"end":{"line":19,"column":3}},"loc":{"start":{"line":19,"column":22},"end":{"line":28,"column":3}},"line":19},"2":{"name":"(anonymous_2)","decl":{"start":{"line":30,"column":2},"end":{"line":30,"column":3}},"loc":{"start":{"line":30,"column":25},"end":{"line":34,"column":3}},"line":30},"3":{"name":"(anonymous_3)","decl":{"start":{"line":36,"column":2},"end":{"line":36,"column":3}},"loc":{"start":{"line":36,"column":27},"end":{"line":44,"column":3}},"line":36},"4":{"name":"(anonymous_4)","decl":{"start":{"line":38,"column":20},"end":{"line":38,"column":21}},"loc":{"start":{"line":38,"column":34},"end":{"line":42,"column":7}},"line":38},"5":{"name":"(anonymous_5)","decl":{"start":{"line":46,"column":2},"end":{"line":46,"column":3}},"loc":{"start":{"line":46,"column":45},"end":{"line":58,"column":3}},"line":46},"6":{"name":"(anonymous_6)","decl":{"start":{"line":52,"column":18},"end":{"line":52,"column":19}},"loc":{"start":{"line":52,"column":32},"end":{"line":57,"column":5}},"line":52},"7":{"name":"(anonymous_7)","decl":{"start":{"line":53,"column":44},"end":{"line":53,"column":45}},"loc":{"start":{"line":53,"column":49},"end":{"line":53,"column":77}},"line":53},"8":{"name":"(anonymous_8)","decl":{"start":{"line":60,"column":2},"end":{"line":60,"column":3}},"loc":{"start":{"line":60,"column":15},"end":{"line":66,"column":3}},"line":60},"9":{"name":"(anonymous_9)","decl":{"start":{"line":68,"column":2},"end":{"line":68,"column":3}},"loc":{"start":{"line":68,"column":39},"end":{"line":75,"column":3}},"line":68},"10":{"name":"(anonymous_10)","decl":{"start":{"line":69,"column":18},"end":{"line":69,"column":19}},"loc":{"start":{"line":69,"column":32},"end":{"line":74,"column":5}},"line":69},"11":{"name":"(anonymous_11)","decl":{"start":{"line":77,"column":2},"end":{"line":77,"column":3}},"loc":{"start":{"line":77,"column":24},"end":{"line":217,"column":3}},"line":77},"12":{"name":"(anonymous_12)","decl":{"start":{"line":156,"column":30},"end":{"line":156,"column":31}},"loc":{"start":{"line":156,"column":37},"end":{"line":156,"column":92}},"line":156},"13":{"name":"(anonymous_13)","decl":{"start":{"line":168,"column":30},"end":{"line":168,"column":31}},"loc":{"start":{"line":168,"column":37},"end":{"line":168,"column":89}},"line":168},"14":{"name":"(anonymous_14)","decl":{"start":{"line":179,"column":25},"end":{"line":179,"column":26}},"loc":{"start":{"line":179,"column":31},"end":{"line":179,"column":60}},"line":179},"15":{"name":"(anonymous_15)","decl":{"start":{"line":185,"column":25},"end":{"line":185,"column":26}},"loc":{"start":{"line":185,"column":31},"end":{"line":185,"column":61}},"line":185},"16":{"name":"(anonymous_16)","decl":{"start":{"line":191,"column":25},"end":{"line":191,"column":26}},"loc":{"start":{"line":191,"column":31},"end":{"line":191,"column":60}},"line":191},"17":{"name":"(anonymous_17)","decl":{"start":{"line":197,"column":25},"end":{"line":197,"column":26}},"loc":{"start":{"line":197,"column":31},"end":{"line":201,"column":18}},"line":197},"18":{"name":"(anonymous_18)","decl":{"start":{"line":219,"column":2},"end":{"line":219,"column":3}},"loc":{"start":{"line":219,"column":28},"end":{"line":239,"column":3}},"line":219},"19":{"name":"(anonymous_19)","decl":{"start":{"line":230,"column":19},"end":{"line":230,"column":20}},"loc":{"start":{"line":230,"column":25},"end":{"line":233,"column":12}},"line":230},"20":{"name":"(anonymous_20)","decl":{"start":{"line":241,"column":2},"end":{"line":241,"column":3}},"loc":{"start":{"line":241,"column":11},"end":{"line":248,"column":3}},"line":241}},"branchMap":{"0":{"loc":{"start":{"line":25,"column":4},"end":{"line":27,"column":5}},"type":"if","locations":[{"start":{"line":25,"column":4},"end":{"line":27,"column":5}},{"start":{},"end":{}}],"line":25},"1":{"loc":{"start":{"line":31,"column":4},"end":{"line":33,"column":5}},"type":"if","locations":[{"start":{"line":31,"column":4},"end":{"line":33,"column":5}},{"start":{},"end":{}}],"line":31},"2":{"loc":{"start":{"line":37,"column":4},"end":{"line":43,"column":5}},"type":"if","locations":[{"start":{"line":37,"column":4},"end":{"line":43,"column":5}},{"start":{},"end":{}}],"line":37},"3":{"loc":{"start":{"line":46,"column":26},"end":{"line":46,"column":43}},"type":"default-arg","locations":[{"start":{"line":46,"column":39},"end":{"line":46,"column":43}}],"line":46},"4":{"loc":{"start":{"line":48,"column":4},"end":{"line":48,"column":34}},"type":"if","locations":[{"start":{"line":48,"column":4},"end":{"line":48,"column":34}},{"start":{},"end":{}}],"line":48},"5":{"loc":{"start":{"line":80,"column":4},"end":{"line":80,"column":53}},"type":"if","locations":[{"start":{"line":80,"column":4},"end":{"line":80,"column":53}},{"start":{},"end":{}}],"line":80},"6":{"loc":{"start":{"line":80,"column":8},"end":{"line":80,"column":39}},"type":"binary-expr","locations":[{"start":{"line":80,"column":8},"end":{"line":80,"column":18}},{"start":{"line":80,"column":22},"end":{"line":80,"column":39}}],"line":80},"7":{"loc":{"start":{"line":115,"column":21},"end":{"line":117,"column":21}},"type":"binary-expr","locations":[{"start":{"line":115,"column":21},"end":{"line":115,"column":40}},{"start":{"line":116,"column":22},"end":{"line":116,"column":104}}],"line":115},"8":{"loc":{"start":{"line":118,"column":21},"end":{"line":120,"column":21}},"type":"binary-expr","locations":[{"start":{"line":118,"column":21},"end":{"line":118,"column":40}},{"start":{"line":119,"column":22},"end":{"line":119,"column":103}}],"line":118},"9":{"loc":{"start":{"line":134,"column":21},"end":{"line":136,"column":21}},"type":"binary-expr","locations":[{"start":{"line":134,"column":21},"end":{"line":134,"column":41}},{"start":{"line":135,"column":22},"end":{"line":135,"column":105}}],"line":134},"10":{"loc":{"start":{"line":137,"column":21},"end":{"line":139,"column":21}},"type":"binary-expr","locations":[{"start":{"line":137,"column":21},"end":{"line":137,"column":41}},{"start":{"line":138,"column":22},"end":{"line":138,"column":104}}],"line":137},"11":{"loc":{"start":{"line":155,"column":27},"end":{"line":155,"column":52}},"type":"binary-expr","locations":[{"start":{"line":155,"column":27},"end":{"line":155,"column":46}},{"start":{"line":155,"column":50},"end":{"line":155,"column":52}}],"line":155},"12":{"loc":{"start":{"line":167,"column":27},"end":{"line":167,"column":49}},"type":"binary-expr","locations":[{"start":{"line":167,"column":27},"end":{"line":167,"column":43}},{"start":{"line":167,"column":47},"end":{"line":167,"column":49}}],"line":167},"13":{"loc":{"start":{"line":200,"column":22},"end":{"line":200,"column":51}},"type":"binary-expr","locations":[{"start":{"line":200,"column":22},"end":{"line":200,"column":35}},{"start":{"line":200,"column":39},"end":{"line":200,"column":51}}],"line":200},"14":{"loc":{"start":{"line":202,"column":26},"end":{"line":202,"column":67}},"type":"binary-expr","locations":[{"start":{"line":202,"column":26},"end":{"line":202,"column":46}},{"start":{"line":202,"column":50},"end":{"line":202,"column":67}}],"line":202},"15":{"loc":{"start":{"line":222,"column":4},"end":{"line":222,"column":44}},"type":"if","locations":[{"start":{"line":222,"column":4},"end":{"line":222,"column":44}},{"start":{},"end":{}}],"line":222},"16":{"loc":{"start":{"line":226,"column":52},"end":{"line":226,"column":83}},"type":"cond-expr","locations":[{"start":{"line":226,"column":75},"end":{"line":226,"column":78}},{"start":{"line":226,"column":81},"end":{"line":226,"column":83}}],"line":226}},"s":{"0":0,"1":0,"2":0,"3":0,"4":0,"5":0,"6":0,"7":0,"8":0,"9":0,"10":0,"11":0,"12":0,"13":0,"14":0,"15":0,"16":0,"17":0,"18":0,"19":0,"20":0,"21":0,"22":0,"23":0,"24":0,"25":0,"26":0,"27":0,"28":0,"29":0,"30":0,"31":0,"32":0,"33":0,"34":0,"35":0,"36":0,"37":0,"38":0,"39":0,"40":0},"f":{"0":0,"1":0,"2":0,"3":0,"4":0,"5":0,"6":0,"7":0,"8":0,"9":0,"10":0,"11":0,"12":0,"13":0,"14":0,"15":0,"16":0,"17":0,"18":0,"19":0,"20":0},"b":{"0":[0,0],"1":[0,0],"2":[0,0],"3":[0],"4":[0,0],"5":[0,0],"6":[0,0],"7":[0,0],"8":[0,0],"9":[0,0],"10":[0,0],"11":[0,0],"12":[0,0],"13":[0,0],"14":[0,0],"15":[0,0],"16":[0,0]}}
,"/Users/abe/Documents/GitHub/testdriven-app/services/client/src/components/Logout.jsx": {"path":"/Users/abe/Documents/GitHub/testdriven-app/services/client/src/components/Logout.jsx","statementMap":{"0":{"start":{"line":16,"column":4},"end":{"line":16,"column":28}},"1":{"start":{"line":20,"column":4},"end":{"line":36,"column":6}}},"fnMap":{"0":{"name":"(anonymous_0)","decl":{"start":{"line":15,"column":2},"end":{"line":15,"column":3}},"loc":{"start":{"line":15,"column":22},"end":{"line":17,"column":3}},"line":15},"1":{"name":"(anonymous_1)","decl":{"start":{"line":19,"column":2},"end":{"line":19,"column":3}},"loc":{"start":{"line":19,"column":11},"end":{"line":37,"column":3}},"line":19}},"branchMap":{},"s":{"0":0,"1":0},"f":{"0":0,"1":0},"b":{},"_coverageSchema":"1a1c01bbd47fc00a2c39e90264f33305004495a9","hash":"7bc236cdad0e7e5cbaa4171bf7b971dffdf57388"}
,"/Users/abe/Documents/GitHub/testdriven-app/services/client/src/components/Message.jsx": {"path":"/Users/abe/Documents/GitHub/testdriven-app/services/client/src/components/Message.jsx","statementMap":{"0":{"start":{"line":3,"column":16},"end":{"line":10,"column":1}},"1":{"start":{"line":4,"column":2},"end":{"line":9,"column":4}}},"fnMap":{"0":{"name":"(anonymous_0)","decl":{"start":{"line":3,"column":16},"end":{"line":3,"column":17}},"loc":{"start":{"line":3,"column":65},"end":{"line":10,"column":1}},"line":3}},"branchMap":{},"s":{"0":2,"1":2},"f":{"0":2},"b":{},"_coverageSchema":"1a1c01bbd47fc00a2c39e90264f33305004495a9","hash":"97afe838edc5231df5b4035d3108ef6c4000b485"}
,"/Users/abe/Documents/GitHub/testdriven-app/services/client/src/components/ModernAddUser.jsx": {"path":"/Users/abe/Documents/GitHub/testdriven-app/services/client/src/components/ModernAddUser.jsx","statementMap":{"0":{"start":{"line":17,"column":22},"end":{"line":21,"column":2}},"1":{"start":{"line":23,"column":22},"end":{"line":125,"column":1}},"2":{"start":{"line":24,"column":26},"end":{"line":24,"column":38}},"3":{"start":{"line":31,"column":6},"end":{"line":34,"column":4}},"4":{"start":{"line":36,"column":19},"end":{"line":44,"column":3}},"5":{"start":{"line":37,"column":4},"end":{"line":43,"column":5}},"6":{"start":{"line":38,"column":6},"end":{"line":38,"column":46}},"7":{"start":{"line":39,"column":6},"end":{"line":39,"column":14}},"8":{"start":{"line":42,"column":6},"end":{"line":42,"column":49}},"9":{"start":{"line":46,"column":2},"end":{"line":54,"column":3}},"10":{"start":{"line":47,"column":4},"end":{"line":53,"column":6}},"11":{"start":{"line":56,"column":2},"end":{"line":124,"column":4}}},"fnMap":{"0":{"name":"(anonymous_0)","decl":{"start":{"line":23,"column":22},"end":{"line":23,"column":23}},"loc":{"start":{"line":23,"column":47},"end":{"line":125,"column":1}},"line":23},"1":{"name":"(anonymous_1)","decl":{"start":{"line":36,"column":19},"end":{"line":36,"column":20}},"loc":{"start":{"line":36,"column":35},"end":{"line":44,"column":3}},"line":36}},"branchMap":{"0":{"loc":{"start":{"line":46,"column":2},"end":{"line":54,"column":3}},"type":"if","locations":[{"start":{"line":46,"column":2},"end":{"line":54,"column":3}},{"start":{},"end":{}}],"line":46},"1":{"loc":{"start":{"line":62,"column":7},"end":{"line":66,"column":7}},"type":"binary-expr","locations":[{"start":{"line":62,"column":7},"end":{"line":62,"column":30}},{"start":{"line":63,"column":8},"end":{"line":65,"column":16}}],"line":62},"2":{"loc":{"start":{"line":64,"column":30},"end":{"line":64,"column":102}},"type":"binary-expr","locations":[{"start":{"line":64,"column":30},"end":{"line":64,"column":76}},{"start":{"line":64,"column":80},"end":{"line":64,"column":102}}],"line":64},"3":{"loc":{"start":{"line":68,"column":7},"end":{"line":72,"column":7}},"type":"binary-expr","locations":[{"start":{"line":68,"column":7},"end":{"line":68,"column":32}},{"start":{"line":69,"column":8},"end":{"line":71,"column":16}}],"line":68},"4":{"loc":{"start":{"line":118,"column":21},"end":{"line":118,"column":102}},"type":"cond-expr","locations":[{"start":{"line":118,"column":49},"end":{"line":118,"column":95}},{"start":{"line":118,"column":98},"end":{"line":118,"column":102}}],"line":118},"5":{"loc":{"start":{"line":120,"column":11},"end":{"line":120,"column":63}},"type":"cond-expr","locations":[{"start":{"line":120,"column":39},"end":{"line":120,"column":50}},{"start":{"line":120,"column":53},"end":{"line":120,"column":63}}],"line":120}},"s":{"0":1,"1":1,"2":0,"3":0,"4":0,"5":0,"6":0,"7":0,"8":0,"9":0,"10":0,"11":0},"f":{"0":0,"1":0},"b":{"0":[0,0],"1":[0,0],"2":[0,0],"3":[0,0],"4":[0,0],"5":[0,0]},"_coverageSchema":"1a1c01bbd47fc00a2c39e90264f33305004495a9","hash":"dcdec5e3bca31d25e9fa74c682bdc4876fff0c78"}
,"/Users/abe/Documents/GitHub/testdriven-app/services/client/src/components/ModernDemo.jsx": {"path":"/Users/abe/Documents/GitHub/testdriven-app/services/client/src/components/ModernDemo.jsx","statementMap":{"0":{"start":{"line":21,"column":2},"end":{"line":35,"column":4}},"1":{"start":{"line":38,"column":19},"end":{"line":203,"column":1}},"2":{"start":{"line":39,"column":24},"end":{"line":39,"column":35}},"3":{"start":{"line":40,"column":30},"end":{"line":40,"column":39}},"4":{"start":{"line":42,"column":26},"end":{"line":44,"column":3}},"5":{"start":{"line":43,"column":4},"end":{"line":43,"column":21}},"6":{"start":{"line":46,"column":2},"end":{"line":202,"column":4}}},"fnMap":{"0":{"name":"TabPanel","decl":{"start":{"line":20,"column":9},"end":{"line":20,"column":17}},"loc":{"start":{"line":20,"column":56},"end":{"line":36,"column":1}},"line":20},"1":{"name":"(anonymous_1)","decl":{"start":{"line":38,"column":19},"end":{"line":38,"column":20}},"loc":{"start":{"line":38,"column":25},"end":{"line":203,"column":1}},"line":38},"2":{"name":"(anonymous_2)","decl":{"start":{"line":42,"column":26},"end":{"line":42,"column":27}},"loc":{"start":{"line":42,"column":47},"end":{"line":44,"column":3}},"line":42},"3":{"name":"(anonymous_3)","decl":{"start":{"line":109,"column":25},"end":{"line":109,"column":26}},"loc":{"start":{"line":109,"column":31},"end":{"line":109,"column":33}},"line":109},"4":{"name":"(anonymous_4)","decl":{"start":{"line":110,"column":30},"end":{"line":110,"column":31}},"loc":{"start":{"line":110,"column":36},"end":{"line":110,"column":38}},"line":110}},"branchMap":{"0":{"loc":{"start":{"line":29,"column":7},"end":{"line":33,"column":7}},"type":"binary-expr","locations":[{"start":{"line":29,"column":7},"end":{"line":29,"column":22}},{"start":{"line":30,"column":8},"end":{"line":32,"column":14}}],"line":29}},"s":{"0":0,"1":1,"2":0,"3":0,"4":0,"5":0,"6":0},"f":{"0":0,"1":0,"2":0,"3":0,"4":0},"b":{"0":[0,0]},"_coverageSchema":"1a1c01bbd47fc00a2c39e90264f33305004495a9","hash":"09725e455cbf39344f76a5c58749d5a0610e87b4"}
,"/Users/abe/Documents/GitHub/testdriven-app/services/client/src/components/ModernForm.jsx": {"path":"/Users/abe/Documents/GitHub/testdriven-app/services/client/src/components/ModernForm.jsx","statementMap":{"0":{"start":{"line":18,"column":20},"end":{"line":21,"column":2}},"1":{"start":{"line":23,"column":23},"end":{"line":27,"column":2}},"2":{"start":{"line":29,"column":19},"end":{"line":159,"column":1}},"3":{"start":{"line":30,"column":21},"end":{"line":30,"column":44}},"4":{"start":{"line":31,"column":17},"end":{"line":31,"column":58}},"5":{"start":{"line":32,"column":19},"end":{"line":32,"column":32}},"6":{"start":{"line":38,"column":6},"end":{"line":41,"column":4}},"7":{"start":{"line":44,"column":2},"end":{"line":48,"column":34}},"8":{"start":{"line":45,"column":4},"end":{"line":47,"column":5}},"9":{"start":{"line":46,"column":6},"end":{"line":46,"column":39}},"10":{"start":{"line":50,"column":23},"end":{"line":66,"column":3}},"11":{"start":{"line":52,"column":27},"end":{"line":63,"column":5}},"12":{"start":{"line":65,"column":4},"end":{"line":65,"column":35}},"13":{"start":{"line":68,"column":2},"end":{"line":158,"column":4}}},"fnMap":{"0":{"name":"(anonymous_0)","decl":{"start":{"line":29,"column":19},"end":{"line":29,"column":20}},"loc":{"start":{"line":29,"column":73},"end":{"line":159,"column":1}},"line":29},"1":{"name":"(anonymous_1)","decl":{"start":{"line":44,"column":12},"end":{"line":44,"column":13}},"loc":{"start":{"line":44,"column":18},"end":{"line":48,"column":3}},"line":44},"2":{"name":"(anonymous_2)","decl":{"start":{"line":50,"column":23},"end":{"line":50,"column":24}},"loc":{"start":{"line":50,"column":39},"end":{"line":66,"column":3}},"line":50},"3":{"name":"(anonymous_3)","decl":{"start":{"line":53,"column":22},"end":{"line":53,"column":23}},"loc":{"start":{"line":53,"column":28},"end":{"line":53,"column":30}},"line":53}},"branchMap":{"0":{"loc":{"start":{"line":31,"column":17},"end":{"line":31,"column":58}},"type":"cond-expr","locations":[{"start":{"line":31,"column":30},"end":{"line":31,"column":44}},{"start":{"line":31,"column":47},"end":{"line":31,"column":58}}],"line":31},"1":{"loc":{"start":{"line":45,"column":4},"end":{"line":47,"column":5}},"type":"if","locations":[{"start":{"line":45,"column":4},"end":{"line":47,"column":5}},{"start":{},"end":{}}],"line":45},"2":{"loc":{"start":{"line":84,"column":13},"end":{"line":97,"column":13}},"type":"binary-expr","locations":[{"start":{"line":84,"column":13},"end":{"line":84,"column":23}},{"start":{"line":85,"column":14},"end":{"line":96,"column":16}}],"line":84},"3":{"loc":{"start":{"line":131,"column":24},"end":{"line":131,"column":47}},"type":"binary-expr","locations":[{"start":{"line":131,"column":24},"end":{"line":131,"column":31}},{"start":{"line":131,"column":35},"end":{"line":131,"column":47}}],"line":131},"4":{"loc":{"start":{"line":132,"column":25},"end":{"line":132,"column":88}},"type":"cond-expr","locations":[{"start":{"line":132,"column":35},"end":{"line":132,"column":81}},{"start":{"line":132,"column":84},"end":{"line":132,"column":88}}],"line":132},"5":{"loc":{"start":{"line":134,"column":15},"end":{"line":134,"column":51}},"type":"cond-expr","locations":[{"start":{"line":134,"column":25},"end":{"line":134,"column":40}},{"start":{"line":134,"column":43},"end":{"line":134,"column":51}}],"line":134},"6":{"loc":{"start":{"line":138,"column":15},"end":{"line":152,"column":15}},"type":"cond-expr","locations":[{"start":{"line":139,"column":16},"end":{"line":144,"column":29}},{"start":{"line":146,"column":16},"end":{"line":151,"column":29}}],"line":138}},"s":{"0":0,"1":0,"2":0,"3":0,"4":0,"5":0,"6":0,"7":0,"8":0,"9":0,"10":0,"11":0,"12":0,"13":0},"f":{"0":0,"1":0,"2":0,"3":0},"b":{"0":[0,0],"1":[0,0],"2":[0,0],"3":[0,0],"4":[0,0],"5":[0,0],"6":[0,0]}}
,"/Users/abe/Documents/GitHub/testdriven-app/services/client/src/components/ModernUsersList.jsx": {"path":"/Users/abe/Documents/GitHub/testdriven-app/services/client/src/components/ModernUsersList.jsx","statementMap":{"0":{"start":{"line":18,"column":24},"end":{"line":102,"column":1}},"1":{"start":{"line":19,"column":58},"end":{"line":19,"column":68}},"2":{"start":{"line":21,"column":2},"end":{"line":35,"column":3}},"3":{"start":{"line":22,"column":4},"end":{"line":34,"column":6}},"4":{"start":{"line":37,"column":2},"end":{"line":48,"column":3}},"5":{"start":{"line":38,"column":4},"end":{"line":47,"column":6}},"6":{"start":{"line":50,"column":2},"end":{"line":101,"column":4}},"7":{"start":{"line":69,"column":16},"end":{"line":88,"column":27}}},"fnMap":{"0":{"name":"(anonymous_0)","decl":{"start":{"line":18,"column":24},"end":{"line":18,"column":25}},"loc":{"start":{"line":18,"column":30},"end":{"line":102,"column":1}},"line":18},"1":{"name":"(anonymous_1)","decl":{"start":{"line":68,"column":25},"end":{"line":68,"column":26}},"loc":{"start":{"line":69,"column":16},"end":{"line":88,"column":27}},"line":69}},"branchMap":{"0":{"loc":{"start":{"line":19,"column":16},"end":{"line":19,"column":26}},"type":"default-arg","locations":[{"start":{"line":19,"column":24},"end":{"line":19,"column":26}}],"line":19},"1":{"loc":{"start":{"line":21,"column":2},"end":{"line":35,"column":3}},"type":"if","locations":[{"start":{"line":21,"column":2},"end":{"line":35,"column":3}},{"start":{},"end":{}}],"line":21},"2":{"loc":{"start":{"line":37,"column":2},"end":{"line":48,"column":3}},"type":"if","locations":[{"start":{"line":37,"column":2},"end":{"line":48,"column":3}},{"start":{},"end":{}}],"line":37},"3":{"loc":{"start":{"line":44,"column":32},"end":{"line":44,"column":72}},"type":"binary-expr","locations":[{"start":{"line":44,"column":32},"end":{"line":44,"column":46}},{"start":{"line":44,"column":50},"end":{"line":44,"column":72}}],"line":44},"4":{"loc":{"start":{"line":56,"column":7},"end":{"line":99,"column":7}},"type":"cond-expr","locations":[{"start":{"line":57,"column":8},"end":{"line":92,"column":25}},{"start":{"line":94,"column":8},"end":{"line":98,"column":16}}],"line":56},"5":{"loc":{"start":{"line":83,"column":29},"end":{"line":83,"column":64}},"type":"cond-expr","locations":[{"start":{"line":83,"column":43},"end":{"line":83,"column":51}},{"start":{"line":83,"column":54},"end":{"line":83,"column":64}}],"line":83},"6":{"loc":{"start":{"line":84,"column":29},"end":{"line":84,"column":64}},"type":"cond-expr","locations":[{"start":{"line":84,"column":43},"end":{"line":84,"column":52}},{"start":{"line":84,"column":55},"end":{"line":84,"column":64}}],"line":84}},"s":{"0":1,"1":0,"2":0,"3":0,"4":0,"5":0,"6":0,"7":0},"f":{"0":0,"1":0},"b":{"0":[0],"1":[0,0],"2":[0,0],"3":[0,0],"4":[0,0],"5":[0,0],"6":[0,0]},"_coverageSchema":"1a1c01bbd47fc00a2c39e90264f33305004495a9","hash":"e7cbaa16e737cbb38d1b413fae00713323a7cd7e"}
,"/Users/abe/Documents/GitHub/testdriven-app/services/client/src/components/NavBar.jsx": {"path":"/Users/abe/Documents/GitHub/testdriven-app/services/client/src/components/NavBar.jsx","statementMap":{"0":{"start":{"line":31,"column":15},"end":{"line":289,"column":1}},"1":{"start":{"line":32,"column":46},"end":{"line":32,"column":61}},"2":{"start":{"line":33,"column":46},"end":{"line":33,"column":60}},"3":{"start":{"line":34,"column":16},"end":{"line":34,"column":26}},"4":{"start":{"line":35,"column":19},"end":{"line":35,"column":62}},"5":{"start":{"line":36,"column":19},"end":{"line":36,"column":32}},"6":{"start":{"line":38,"column":33},"end":{"line":40,"column":3}},"7":{"start":{"line":39,"column":4},"end":{"line":39,"column":39}},"8":{"start":{"line":42,"column":29},"end":{"line":44,"column":3}},"9":{"start":{"line":43,"column":4},"end":{"line":43,"column":43}},"10":{"start":{"line":46,"column":30},"end":{"line":48,"column":3}},"11":{"start":{"line":47,"column":4},"end":{"line":47,"column":28}},"12":{"start":{"line":50,"column":24},"end":{"line":52,"column":3}},"13":{"start":{"line":51,"column":4},"end":{"line":51,"column":38}},"14":{"start":{"line":54,"column":26},"end":{"line":59,"column":3}},"15":{"start":{"line":61,"column":20},"end":{"line":67,"column":3}},"16":{"start":{"line":69,"column":27},"end":{"line":160,"column":3}},"17":{"start":{"line":70,"column":4},"end":{"line":159,"column":10}},"18":{"start":{"line":73,"column":8},"end":{"line":88,"column":17}},"19":{"start":{"line":139,"column":12},"end":{"line":155,"column":21}},"20":{"start":{"line":162,"column":29},"end":{"line":233,"column":3}},"21":{"start":{"line":163,"column":4},"end":{"line":232,"column":13}},"22":{"start":{"line":186,"column":10},"end":{"line":203,"column":21}},"23":{"start":{"line":212,"column":10},"end":{"line":229,"column":21}},"24":{"start":{"line":235,"column":2},"end":{"line":288,"column":4}}},"fnMap":{"0":{"name":"(anonymous_0)","decl":{"start":{"line":31,"column":15},"end":{"line":31,"column":16}},"loc":{"start":{"line":31,"column":77},"end":{"line":289,"column":1}},"line":31},"1":{"name":"(anonymous_1)","decl":{"start":{"line":38,"column":33},"end":{"line":38,"column":34}},"loc":{"start":{"line":38,"column":39},"end":{"line":40,"column":3}},"line":38},"2":{"name":"(anonymous_2)","decl":{"start":{"line":42,"column":29},"end":{"line":42,"column":30}},"loc":{"start":{"line":42,"column":40},"end":{"line":44,"column":3}},"line":42},"3":{"name":"(anonymous_3)","decl":{"start":{"line":46,"column":30},"end":{"line":46,"column":31}},"loc":{"start":{"line":46,"column":36},"end":{"line":48,"column":3}},"line":46},"4":{"name":"(anonymous_4)","decl":{"start":{"line":50,"column":24},"end":{"line":50,"column":25}},"loc":{"start":{"line":50,"column":34},"end":{"line":52,"column":3}},"line":50},"5":{"name":"(anonymous_5)","decl":{"start":{"line":69,"column":27},"end":{"line":69,"column":28}},"loc":{"start":{"line":70,"column":4},"end":{"line":159,"column":10}},"line":70},"6":{"name":"(anonymous_6)","decl":{"start":{"line":72,"column":27},"end":{"line":72,"column":28}},"loc":{"start":{"line":73,"column":8},"end":{"line":88,"column":17}},"line":73},"7":{"name":"(anonymous_7)","decl":{"start":{"line":138,"column":25},"end":{"line":138,"column":26}},"loc":{"start":{"line":139,"column":12},"end":{"line":155,"column":21}},"line":139},"8":{"name":"(anonymous_8)","decl":{"start":{"line":162,"column":29},"end":{"line":162,"column":30}},"loc":{"start":{"line":163,"column":4},"end":{"line":232,"column":13}},"line":163},"9":{"name":"(anonymous_9)","decl":{"start":{"line":185,"column":29},"end":{"line":185,"column":30}},"loc":{"start":{"line":186,"column":10},"end":{"line":203,"column":21}},"line":186},"10":{"name":"(anonymous_10)","decl":{"start":{"line":211,"column":23},"end":{"line":211,"column":24}},"loc":{"start":{"line":212,"column":10},"end":{"line":229,"column":21}},"line":212}},"branchMap":{"0":{"loc":{"start":{"line":31,"column":18},"end":{"line":31,"column":41}},"type":"default-arg","locations":[{"start":{"line":31,"column":26},"end":{"line":31,"column":41}}],"line":31},"1":{"loc":{"start":{"line":61,"column":20},"end":{"line":67,"column":3}},"type":"cond-expr","locations":[{"start":{"line":61,"column":38},"end":{"line":64,"column":3}},{"start":{"line":64,"column":6},"end":{"line":67,"column":3}}],"line":61},"2":{"loc":{"start":{"line":80,"column":19},"end":{"line":80,"column":86}},"type":"cond-expr","locations":[{"start":{"line":80,"column":46},"end":{"line":80,"column":74}},{"start":{"line":80,"column":77},"end":{"line":80,"column":86}}],"line":80},"3":{"loc":{"start":{"line":81,"column":24},"end":{"line":81,"column":68}},"type":"cond-expr","locations":[{"start":{"line":81,"column":51},"end":{"line":81,"column":57}},{"start":{"line":81,"column":60},"end":{"line":81,"column":68}}],"line":81},"4":{"loc":{"start":{"line":92,"column":7},"end":{"line":133,"column":7}},"type":"binary-expr","locations":[{"start":{"line":92,"column":7},"end":{"line":92,"column":22}},{"start":{"line":93,"column":8},"end":{"line":132,"column":11}}],"line":92},"5":{"loc":{"start":{"line":136,"column":7},"end":{"line":158,"column":7}},"type":"binary-expr","locations":[{"start":{"line":136,"column":7},"end":{"line":136,"column":23}},{"start":{"line":137,"column":8},"end":{"line":157,"column":14}}],"line":136},"6":{"loc":{"start":{"line":144,"column":21},"end":{"line":144,"column":75}},"type":"cond-expr","locations":[{"start":{"line":144,"column":52},"end":{"line":144,"column":63}},{"start":{"line":144,"column":66},"end":{"line":144,"column":75}}],"line":144},"7":{"loc":{"start":{"line":147,"column":23},"end":{"line":147,"column":74}},"type":"cond-expr","locations":[{"start":{"line":147,"column":53},"end":{"line":147,"column":62}},{"start":{"line":147,"column":65},"end":{"line":147,"column":74}}],"line":147},"8":{"loc":{"start":{"line":148,"column":29},"end":{"line":148,"column":97}},"type":"cond-expr","locations":[{"start":{"line":148,"column":59},"end":{"line":148,"column":85}},{"start":{"line":148,"column":88},"end":{"line":148,"column":97}}],"line":148},"9":{"loc":{"start":{"line":150,"column":31},"end":{"line":150,"column":80}},"type":"cond-expr","locations":[{"start":{"line":150,"column":61},"end":{"line":150,"column":68}},{"start":{"line":150,"column":71},"end":{"line":150,"column":80}}],"line":150},"10":{"loc":{"start":{"line":192,"column":33},"end":{"line":192,"column":102}},"type":"cond-expr","locations":[{"start":{"line":192,"column":60},"end":{"line":192,"column":86}},{"start":{"line":192,"column":89},"end":{"line":192,"column":102}}],"line":192},"11":{"loc":{"start":{"line":246,"column":11},"end":{"line":257,"column":11}},"type":"binary-expr","locations":[{"start":{"line":246,"column":11},"end":{"line":246,"column":19}},{"start":{"line":247,"column":12},"end":{"line":256,"column":25}}],"line":246},"12":{"loc":{"start":{"line":265,"column":24},"end":{"line":265,"column":40}},"type":"cond-expr","locations":[{"start":{"line":265,"column":35},"end":{"line":265,"column":36}},{"start":{"line":265,"column":39},"end":{"line":265,"column":40}}],"line":265}},"s":{"0":1,"1":1,"2":1,"3":1,"4":1,"5":1,"6":1,"7":0,"8":1,"9":0,"10":1,"11":0,"12":1,"13":12,"14":1,"15":1,"16":1,"17":1,"18":4,"19":2,"20":1,"21":1,"22":4,"23":2,"24":1},"f":{"0":1,"1":0,"2":0,"3":0,"4":12,"5":1,"6":4,"7":2,"8":1,"9":4,"10":2},"b":{"0":[0],"1":[0,1],"2":[1,3],"3":[1,3],"4":[1,0],"5":[1,1],"6":[1,1],"7":[1,1],"8":[1,1],"9":[1,1],"10":[1,3],"11":[1,0],"12":[0,1]},"_coverageSchema":"1a1c01bbd47fc00a2c39e90264f33305004495a9","hash":"8b1a40d23573f3471ff780a3349bf93118915e05"}
,"/Users/abe/Documents/GitHub/testdriven-app/services/client/src/components/NotificationSystem.jsx": {"path":"/Users/abe/Documents/GitHub/testdriven-app/services/client/src/components/NotificationSystem.jsx","statementMap":{"0":{"start":{"line":5,"column":4},"end":{"line":14,"column":5}},"1":{"start":{"line":6,"column":22},"end":{"line":6,"column":33}},"2":{"start":{"line":7,"column":20},"end":{"line":7,"column":31}},"3":{"start":{"line":8,"column":22},"end":{"line":8,"column":34}},"4":{"start":{"line":9,"column":19},"end":{"line":9,"column":31}},"5":{"start":{"line":10,"column":19},"end":{"line":10,"column":31}},"6":{"start":{"line":11,"column":22},"end":{"line":11,"column":34}},"7":{"start":{"line":12,"column":23},"end":{"line":12,"column":35}},"8":{"start":{"line":13,"column":15},"end":{"line":13,"column":27}},"9":{"start":{"line":18,"column":4},"end":{"line":27,"column":5}},"10":{"start":{"line":19,"column":22},"end":{"line":19,"column":42}},"11":{"start":{"line":20,"column":20},"end":{"line":20,"column":39}},"12":{"start":{"line":21,"column":22},"end":{"line":21,"column":42}},"13":{"start":{"line":22,"column":19},"end":{"line":22,"column":36}},"14":{"start":{"line":23,"column":19},"end":{"line":23,"column":39}},"15":{"start":{"line":24,"column":22},"end":{"line":24,"column":42}},"16":{"start":{"line":25,"column":23},"end":{"line":25,"column":40}},"17":{"start":{"line":26,"column":15},"end":{"line":26,"column":32}},"18":{"start":{"line":31,"column":17},"end":{"line":31,"column":36}},"19":{"start":{"line":32,"column":4},"end":{"line":32,"column":79}},"20":{"start":{"line":36,"column":52},"end":{"line":36,"column":62}},"21":{"start":{"line":38,"column":4},"end":{"line":40,"column":5}},"22":{"start":{"line":39,"column":6},"end":{"line":39,"column":18}},"23":{"start":{"line":42,"column":4},"end":{"line":141,"column":6}},"24":{"start":{"line":54,"column":10},"end":{"line":115,"column":16}},"25":{"start":{"line":68,"column":29},"end":{"line":68,"column":66}},"26":{"start":{"line":145,"column":4},"end":{"line":154,"column":5}},"27":{"start":{"line":146,"column":22},"end":{"line":146,"column":39}},"28":{"start":{"line":147,"column":20},"end":{"line":147,"column":35}},"29":{"start":{"line":148,"column":22},"end":{"line":148,"column":39}},"30":{"start":{"line":149,"column":19},"end":{"line":149,"column":40}},"31":{"start":{"line":150,"column":19},"end":{"line":150,"column":42}},"32":{"start":{"line":151,"column":22},"end":{"line":151,"column":44}},"33":{"start":{"line":152,"column":23},"end":{"line":152,"column":49}},"34":{"start":{"line":153,"column":15},"end":{"line":153,"column":37}}},"fnMap":{"0":{"name":"(anonymous_0)","decl":{"start":{"line":4,"column":2},"end":{"line":4,"column":3}},"loc":{"start":{"line":4,"column":28},"end":{"line":15,"column":3}},"line":4},"1":{"name":"(anonymous_1)","decl":{"start":{"line":17,"column":2},"end":{"line":17,"column":3}},"loc":{"start":{"line":17,"column":29},"end":{"line":28,"column":3}},"line":17},"2":{"name":"(anonymous_2)","decl":{"start":{"line":30,"column":2},"end":{"line":30,"column":3}},"loc":{"start":{"line":30,"column":29},"end":{"line":33,"column"
[...]
,"/Users/abe/Documents/GitHub/testdriven-app/services/client/src/components/forms/SimpleForm.jsx": {"path":"/Users/abe/Documents/GitHub/testdriven-app/services/client/src/components/forms/SimpleForm.jsx","statementMap":{"0":{"start":{"line":18,"column":19},"end":{"line":145,"column":1}},"1":{"start":{"line":19,"column":34},"end":{"line":23,"column":4}},"2":{"start":{"line":25,"column":23},"end":{"line":31,"column":3}},"3":{"start":{"line":26,"column":28},"end":{"line":26,"column":40}},"4":{"start":{"line":27,"column":4},"end":{"line":30,"column":8}},"5":{"start":{"line":27,"column":25},"end":{"line":30,"column":5}},"6":{"start":{"line":33,"column":23},"end":{"line":63,"column":3}},"7":{"start":{"line":34,"column":4},"end":{"line":34,"column":27}},"8":{"start":{"line":35,"column":21},"end":{"line":35,"column":35}},"9":{"start":{"line":37,"column":17},"end":{"line":40,"column":5}},"10":{"start":{"line":42,"column":4},"end":{"line":44,"column":5}},"11":{"start":{"line":43,"column":6},"end":{"line":43,"column":40}},"12":{"start":{"line":46,"column":16},"end":{"line":46,"column":91}},"13":{"start":{"line":48,"column":4},"end":{"line":62,"column":5}},"14":{"start":{"line":49,"column":18},"end":{"line":49,"column":45}},"15":{"start":{"line":50,"column":6},"end":{"line":50,"column":61}},"16":{"start":{"line":51,"column":6},"end":{"line":51,"column":49}},"17":{"start":{"line":53,"column":6},"end":{"line":53,"column":114}},"18":{"start":{"line":55,"column":6},"end":{"line":55,"column":23}},"19":{"start":{"line":56,"column":6},"end":{"line":58,"column":7}},"20":{"start":{"line":57,"column":8},"end":{"line":57,"column":85}},"21":{"start":{"line":59,"column":6},"end":{"line":61,"column":7}},"22":{"start":{"line":60,"column":8},"end":{"line":60,"column":85}},"23":{"start":{"line":65,"column":2},"end":{"line":67,"column":3}},"24":{"start":{"line":66,"column":4},"end":{"line":66,"column":31}},"25":{"start":{"line":69,"column":18},"end":{"line":69,"column":44}},"26":{"start":{"line":70,"column":21},"end":{"line":70,"column":50}},"27":{"start":{"line":72,"column":2},"end":{"line":144,"column":4}}},"fnMap":{"0":{"name":"(anonymous_0)","decl":{"start":{"line":18,"column":19},"end":{"line":18,"column":20}},"loc":{"start":{"line":18,"column":30},"end":{"line":145,"column":1}},"line":18},"1":{"name":"(anonymous_1)","decl":{"start":{"line":25,"column":23},"end":{"line":25,"column":24}},"loc":{"start":{"line":25,"column":34},"end":{"line":31,"column":3}},"line":25},"2":{"name":"(anonymous_2)","decl":{"start":{"line":27,"column":16},"end":{"line":27,"column":17}},"loc":{"start":{"line":27,"column":25},"end":{"line":30,"column":5}},"line":27},"3":{"name":"(anonymous_3)","decl":{"start":{"line":33,"column":23},"end":{"line":33,"column":24}},"loc":{"start":{"line":33,"column":40},"end":{"line":63,"column":3}},"line":33}},"branchMap":{"0":{"loc":{"start":{"line":42,"column":4},"end":{"line":44,"column":5}},"type":"if","locations":[{"start":{"line":42,"column":4},"end":{"line":44,"column":5}},{"start":{},"end":{}}],"line":42},"1":{"loc":{"start":{"line":53,"column":45},"end":{"line":53,"column":94}},"type":"cond-expr","locations":[{"start":{"line":53,"column":68},"end":{"line":53,"column":79}},{"start":{"line":53,"column":82},"end":{"line":53,"column":94}}],"line":53},"2":{"loc":{"start":{"line":56,"column":6},"end":{"line":58,"column":7}},"type":"if","locations":[{"start":{"line":56,"column":6},"end":{"line":58,"column":7}},{"start":{},"end":{}}],"line":56},"3":{"loc":{"start":{"line":59,"column":6},"end":{"line":61,"column":7}},"type":"if","locations":[{"start":{"line":59,"column":6},"end":{"line":61,"column":7}},{"start":{},"end":{}}],"line":59},"4":{"loc":{"start":{"line":65,"column":2},"end":{"line":67,"column":3}},"type":"if","locations":[{"start":{"line":65,"column":2},"end":{"line":67,"column":3}},{"start":{},"end":{}}],"line":65},"5":{"loc":{"start":{"line":77,"column":13},"end":{"line":77,"column":89}},"type":"binary-expr","locations":[{"start":{"line":77,"column":13},"end":{"line":77,"column":20}},{"start":{"line":77,"column":24},"end":{"line":77,"column":89}}],"line":77},"6":{"loc":{"start":{"line":78,"column":13},"end":{"line":78,"column":96}},"type":"binary-expr","locations":[{"start":{"line":78,"column":13},"end":{"line":78,"column":23}},{"start":{"line":78,"column":27},"end":{"line":78,"column":96}}],"line":78},"7":{"loc":{"start":{"line":80,"column":15},"end":{"line":80,"column":45}},"type":"cond-expr","locations":[{"start":{"line":80,"column":25},"end":{"line":80,"column":32}},{"start":{"line":80,"column":35},"end":{"line":80,"column":45}}],"line":80},"8":{"loc":{"start":{"line":87,"column":13},"end":{"line":101,"column":13}},"type":"binary-expr","locations":[{"start":{"line":87,"column":13},"end":{"line":87,"column":23}},{"start":{"line":88,"column":14},"end":{"line":100,"column":16}}],"line":87},"9":{"loc":{"start":{"line":138,"column":15},"end":{"line":138,"column":45}},"type":"cond-expr","locations":[{"start":{"line":138,"column":25},"end":{"line":138,"column":32}},{"start":{"line":138,"column":35},"end":{"line":138,"column":45}}],"line":138}},"s":{"0":1,"1":0,"2":0,"3":0,"4":0,"5":0,"6":0,"7":0,"8":0,"9":0,"10":0,"11":0,"12":0,"13":0,"14":0,"15":0,"16":0,"17":0,"18":0,"19":0,"20":0,"21":0,"22":0,"23":0,"24":0,"25":0,"26":0,"27":0},"f":{"0":0,"1":0,"2":0,"3":0},"b":{"0":[0,0],"1":[0,0],"2":[0,0],"3":[0,0],"4":[0,0],"5":[0,0],"6":[0,0],"7":[0,0],"8":[0,0],"9":[0,0]},"_coverageSchema":"1a1c01bbd47fc00a2c39e90264f33305004495a9","hash":"d9d823356eaeeeff0e04d20bd575ea855f2714f6"}
,"/Users/abe/Documents/GitHub/testdriven-app/services/client/src/components/forms/form-rules.js": {"path":"/Users/abe/Documents/GitHub/testdriven-app/services/client/src/components/forms/form-rules.js","statementMap":{"0":{"start":{"line":1,"column":33},"end":{"line":26,"column":1}},"1":{"start":{"line":28,"column":30},"end":{"line":41,"column":1}}},"fnMap":{},"branchMap":{},"s":{"0":2,"1":2},"f":{},"b":{},"_coverageSchema":"1a1c01bbd47fc00a2c39e90264f33305004495a9","hash":"c611015bef5fca1a2f7175834c5064be051d4cea"}
,"/Users/abe/Documents/GitHub/testdriven-app/services/client/src/context/AuthContext.js": {"path":"/Users/abe/Documents/GitHub/testdriven-app/services/client/src/context/AuthContext.js","statementMap":{"0":{"start":{"line":4,"column":20},"end":{"line":15,"column":1}},"1":{"start":{"line":5,"column":2},"end":{"line":14,"column":3}},"2":{"start":{"line":7,"column":6},"end":{"line":7,"column":71}},"3":{"start":{"line":9,"column":6},"end":{"line":9,"column":62}},"4":{"start":{"line":11,"column":6},"end":{"line":11,"column":51}},"5":{"start":{"line":13,"column":6},"end":{"line":13,"column":19}},"6":{"start":{"line":18,"column":21},"end":{"line":22,"column":1}},"7":{"start":{"line":25,"column":20},"end":{"line":25,"column":35}},"8":{"start":{"line":28,"column":28},"end":{"line":118,"column":1}},"9":{"start":{"line":29,"column":28},"end":{"line":29,"column":65}},"10":{"start":{"line":32,"column":2},"end":{"line":62,"column":9}},"11":{"start":{"line":33,"column":18},"end":{"line":33,"column":51}},"12":{"start":{"line":34,"column":4},"end":{"line":61,"column":5}},"13":{"start":{"line":36,"column":28},"end":{"line":58,"column":7}},"14":{"start":{"line":37,"column":8},"end":{"line":57,"column":9}},"15":{"start":{"line":38,"column":27},"end":{"line":43,"column":12}},"16":{"start":{"line":45,"column":10},"end":{"line":52,"column":11}},"17":{"start":{"line":46,"column":33},"end":{"line":46,"column":54}},"18":{"start":{"line":47,"column":12},"end":{"line":47,"column":68}},"19":{"start":{"line":50,"column":12},"end":{"line":50,"column":49}},"20":{"start":{"line":51,"column":12},"end":{"line":51,"column":41}},"21":{"start":{"line":54,"column":10},"end":{"line":54,"column":59}},"22":{"start":{"line":55,"column":10},"end":{"line":55,"column":47}},"23":{"start":{"line":56,"column":10},"end":{"line":56,"column":39}},"24":{"start":{"line":60,"column":6},"end":{"line":60,"column":22}},"25":{"start":{"line":64,"column":16},"end":{"line":95,"column":3}},"26":{"start":{"line":65,"column":4},"end":{"line":65,"column":45}},"27":{"start":{"line":66,"column":4},"end":{"line":94,"column":5}},"28":{"start":{"line":67,"column":6},"end":{"line":67,"column":49}},"29":{"start":{"line":70,"column":28},"end":{"line":91,"column":7}},"30":{"start":{"line":71,"column":8},"end":{"line":90,"column":9}},"31":{"start":{"line":72,"column":27},"end":{"line":77,"column":12}},"32":{"start":{"line":79,"column":10},"end":{"line":85,"column":11}},"33":{"start":{"line":80,"column":33},"end":{"line":80,"column":54}},"34":{"start":{"line":81,"column":12},"end":{"line":81,"column":68}},"35":{"start":{"line":83,"column":12},"end":{"line":83,"column":49}},"36":{"start":{"line":84,"column":12},"end":{"line":84,"column":41}},"37":{"start":{"line":87,"column":10},"end":{"line":87,"column":59}},"38":{"start":{"line":88,"column":10},"end":{"line":88,"column":47}},"39":{"start":{"line":89,"column":10},"end":{"line":89,"column":39}},"40":{"start":{"line":93,"column":6},"end":{"line":93,"column":22}},"41":{"start":{"line":97,"column":17},"end":{"line":100,"column":3}},"42":{"start":{"line":98,"column":4},"end":{"line":98,"column":41}},"43":{"start":{"line":99,"column":4},"end":{"line":99,"column":33}},"44":{"start":{"line":102,"column":21},"end":{"line":104,"column":3}},"45":{"start":{"line":103,"column":4},"end":{"line":103,"column":56}},"46":{"start":{"line":106,"column":16},"end":{"line":111,"column":3}},"47":{"start":{"line":113,"column":2},"end":{"line":117,"column":4}},"48":{"start":{"line":121,"column":23},"end":{"line":127,"column":1}},"49":{"start":{"line":122,"column":18},"end":{"line":122,"column":41}},"50":{"start":{"line":123,"column":2},"end":{"line":125,"column":3}},"51":{"start":{"line":124,"column":4},"end":{"line":124,"column":67}},"52":{"start":{"line":126,"column":2},"end":{"line":126,"column":17}}},"fnMap":{"0":{"name":"(anonymous_0)","decl":{"start":{"line":4,"column":20},"end":{"line":4,"column":21}},"loc":{"start":{"line":4,"column":39},"end":{"line":15,"column":1}},"line":4},"1":{"name":"(anonymous_1)","decl":{"start":{"line":28,"column":28},"end":{"line":28,"column":29}},"loc":{"start":{"line":28,"column":46},"end":{"line":118,"column":1}},"line":28},"2":{"name":"(anonymous_2)","decl":{"start":{"line":32,"column":12},"end":{"line":32,"column":13}},"loc":{"start":{"line":32,"column":18},"end":{"line":62,"column":3}},"line":32},"3":{"name":"(anonymous_3)","decl":{"start":{"line":36,"column":28},"end":{"line":36,"column":29}},"loc":{"start":{"line":36,"column":40},"end":{"line":58,"column":7}},"line":36},"4":{"name":"(anonymous_4)","decl":{"start":{"line":64,"column":16},"end":{"line":64,"column":17}},"loc":{"start":{"line":64,"column":40},"end":{"line":95,"column":3}},"line":64},"5":{"name":"(anonymous_5)","decl":{"start":{"line":70,"column":28},"end":{"line":70,"column":29}},"loc":{"start":{"line":70,"column":40},"end":{"line":91,"column":7}},"line":70},"6":{"name":"(anonymous_6)","decl":{"start":{"line":97,"column":17},"end":{"line":97,"column":18}},"loc":{"start":{"line":97,"column":23},"end":{"line":100,"column":3}},"line":97},"7":{"name":"(anonymous_7)","decl":{"start":{"line":102,"column":21},"end":{"line":102,"column":22}},"loc":{"start":{"line":102,"column":34},"end":{"line":104,"column":3}},"line":102},"8":{"name":"(anonymous_8)","decl":{"start":{"line":121,"column":23},"end":{"line":121,"column":24}},"loc":{"start":{"line":121,"column":29},"end":{"line":127,"column":1}},"line":121}},"branchMap":{"0":{"loc":{"start":{"line":5,"column":2},"end":{"line":14,"column":3}},"type":"switch","locations":[{"start":{"line":6,"column":4},"end":{"line":7,"column":71}},{"start":{"line":8,"column":4},"end":{"line":9,"column":62}},{"start":{"line":10,"column":4},"end":{"line":11,"column":51}},{"start":{"line":12,"column":4},"end":{"line":13,"column":19}}],"line":5},"1":{"loc":{"start":{"line":34,"column":4},"end":{"line":61,"column":5}},"type":"if","locations":[{"start":{"line":34,"column":4},"end":{"line":61,"column":5}},{"start":{},"end":{}}],"line":34},"2":{"loc":{"start":{"line":45,"column":10},"end":{"line":52,"column":11}},"type":"if","locations":[{"start":{"line":45,"column":10},"end":{"line":52,"column":11}},{"start":{"line":48,"column":17},"end":{"line":52,"column":11}}],"line":45},"3":{"loc":{"start":{"line":64,"column":24},"end":{"line":64,"column":35}},"type":"default-arg","locations":[{"start":{"line":64,"column":31},"end":{"line":64,"column":35}}],"line":64},"4":{"loc":{"start":{"line":66,"column":4},"end":{"line":94,"column":5}},"type":"if","locations":[{"start":{"line":66,"column":4},"end":{"line":94,"column":5}},{"start":{"line":68,"column":11},"end":{"line":94,"column":5}}],"line":66},"5":{"loc":{"start":{"line":79,"column":10},"end":{"line":85,"column":11}},"type":"if","locations":[{"start":{"line":79,"column":10},"end":{"line":85,"column":11}},{"start":{"line":82,"column":17},"end":{"line":85,"column":11}}],"line":79},"6":{"loc":{"start":{"line":123,"column":2},"end":{"line":125,"column":3}},"type":"if","locations":[{"start":{"line":123,"column":2},"end":{"line":125,"column":3}},{"start":{},"end":{}}],"line":123}},"s":{"0":1,"1":0,"2":0,"3":0,"4":0,"5":0,"6":1,"7":1,"8":1,"9":1,"10":1,"11":1,"12":1,"13":0,"14":0,"15":0,"16":0,"17":0,"18":0,"19":0,"20":0,"21":0,"22":0,"23":0,"24":0,"25":1,"26":0,"27":0,"28":0,"29":0,"30":0,"31":0,"32":0,"33":0,"34":0,"35":0,"36":0,"37":0,"38":0,"39":0,"40":0,"41":1,"42":0,"43":0,"44":1,"45":0,"46":1,"47":1,"48":1,"49":1,"50":1,"51":0,"52":1},"f":{"0":0,"1":1,"2":1,"3":0,"4":0,"5":0,"6":0,"7":0,"8":1},"b":{"0":[0,0,0,0],"1":[0,1],"2":[0,0],"3":[0],"4":[0,0],"5":[0,0],"6":[0,1]},"_coverageSchema":"1a1c01bbd47fc00a2c39e90264f33305004495a9","hash":"1c30d710fb48c7b672f73ad7470d16086d33a447"}
,"/Users/abe/Documents/GitHub/testdriven-app/services/client/src/hooks/useUsers.js": {"path":"/Users/abe/Documents/GitHub/testdriven-app/services/client/src/hooks/useUsers.js","statementMap":{"0":{"start":{"line":4,"column":16},"end":{"line":4,"column":55}},"1":{"start":{"line":7,"column":24},"end":{"line":25,"column":1}},"2":{"start":{"line":8,"column":2},"end":{"line":24,"column":5}},"3":{"start":{"line":11,"column":23},"end":{"line":11,"column":58}},"4":{"start":{"line":12,"column":6},"end":{"line":12,"column":29}},"5":{"start":{"line":17,"column":6},"end":{"line":19,"column":7}},"6":{"start":{"line":18,"column":8},"end":{"line":18,"column":21}},"7":{"start":{"line":21,"column":6},"end":{"line":21,"column":30}},"8":{"start":{"line":23,"column":34},"end":{"line":23,"column":75}},"9":{"start":{"line":28,"column":26},"end":{"line":41,"column":1}},"10":{"start":{"line":29,"column":22},"end":{"line":29,"column":38}},"11":{"start":{"line":31,"column":2},"end":{"line":40,"column":5}},"12":{"start":{"line":33,"column":23},"end":{"line":33,"column":69}},"13":{"start":{"line":34,"column":6},"end":{"line":34,"column":18}},"14":{"start":{"line":38,"column":6},"end":{"line":38,"column":61}},"15":{"start":{"line":44,"column":32},"end":{"line":70,"column":1}},"16":{"start":{"line":45,"column":22},"end":{"line":45,"column":38}},"17":{"start":{"line":47,"column":24},"end":{"line":56,"column":4}},"18":{"start":{"line":49,"column":23},"end":{"line":49,"column":85}},"19":{"start":{"line":50,"column":6},"end":{"line":50,"column":18}},"20":{"start":{"line":53,"column":6},"end":{"line":53,"column":57}},"21":{"start":{"line":54,"column":6},"end":{"line":54,"column":61}},"22":{"start":{"line":58,"column":27},"end":{"line":67,"column":4}},"23":{"start":{"line":60,"column":23},"end":{"line":60,"column":98}},"24":{"start":{"line":61,"column":6},"end":{"line":61,"column":18}},"25":{"start":{"line":64,"column":6},"end":{"line":64,"column":57}},"26":{"start":{"line":65,"column":6},"end":{"line":65,"column":61}},"27":{"start":{"line":69,"column":2},"end":{"line":69,"column":45}}},"fnMap":{"0":{"name":"(anonymous_0)","decl":{"start":{"line":7,"column":24},"end":{"line":7,"column":25}},"loc":{"start":{"line":7,"column":30},"end":{"line":25,"column":1}},"line":7},"1":{"name":"(anonymous_1)","decl":{"start":{"line":10,"column":13},"end":{"line":10,"column":14}},"loc":{"start":{"line":10,"column":25},"end":{"line":13,"column":5}},"line":10},"2":{"name":"(anonymous_2)","decl":{"start":{"line":15,"column":11},"end":{"line":15,"column":12}},"loc":{"start":{"line":15,"column":36},"end":{"line":22,"column":5}},"line":15},"3":{"name":"(anonymous_3)","decl":{"start":{"line":23,"column":16},"end":{"line":23,"column":17}},"loc":{"start":{"line":23,"column":34},"end":{"line":23,"column":75}},"line":23},"4":{"name":"(anonymous_4)","decl":{"start":{"line":28,"column":26},"end":{"line":28,"column":27}},"loc":{"start":{"line":28,"column":32},"end":{"line":41,"column":1}},"line":28},"5":{"name":"(anonymous_5)","decl":{"start":{"line":32,"column":16},"end":{"line":32,"column":17}},"loc":{"start":{"line":32,"column":36},"end":{"line":35,"column":5}},"line":32},"6":{"name":"(anonymous_6)","decl":{"start":{"line":36,"column":15},"end":{"line":36,"column":16}},"loc":{"start":{"line":36,"column":21},"end":{"line":39,"column":5}},"line":36},"7":{"name":"(anonymous_7)","decl":{"start":{"line":44,"column":32},"end":{"line":44,"column":33}},"loc":{"start":{"line":44,"column":38},"end":{"line":70,"column":1}},"line":44},"8":{"name":"(anonymous_8)","decl":{"start":{"line":48,"column":16},"end":{"line":48,"column":17}},"loc":{"start":{"line":48,"column":47},"end":{"line":51,"column":5}},"line":48},"9":{"name":"(anonymous_9)","decl":{"start":{"line":52,"column":15},"end":{"line":52,"column":16}},"loc":{"start":{"line":52,"column":25},"end":{"line":55,"column":5}},"line":52},"10":{"name":"(anonymous_10)","decl":{"start":{"line":59,"column":16},"end":{"line":59,"column":17}},"loc":{"start":{"line":59,"column":57},"end":{"line":62,"column":5}},"line":59},"11":{"name":"(anonymous_11)","decl":{"start":{"line":63,"column":15},"end":{"line":63,"column":16}},"loc":{"start":{"line":63,"column":25},"end":{"line":66,"column":5}},"line":63}},"branchMap":{"0":{"loc":{"start":{"line":17,"column":6},"end":{"line":19,"column":7}},"type":"if","locations":[{"start":{"line":17,"column":6},"end":{"line":19,"column":7}},{"start":{},"end":{}}],"line":17},"1":{"loc":{"start":{"line":17,"column":10},"end":{"line":17,"column":74}},"type":"binary-expr","locations":[{"start":{"line":17,"column":10},"end":{"line":17,"column":40}},{"start":{"line":17,"column":44},"end":{"line":17,"column":74}}],"line":17}},"s":{"0":1,"1":1,"2":1,"3":1,"4":0,"5":0,"6":0,"7":0,"8":0,"9":1,"10":1,"11":1,"12":0,"13":0,"14":0,"15":1,"16":1,"17":1,"18":0,"19":0,"20":0,"21":0,"22":1,"23":0,"24":0,"25":0,"26":0,"27":1},"f":{"0":1,"1":1,"2":0,"3":0,"4":1,"5":0,"6":0,"7":1,"8":0,"9":0,"10":0,"11":0},"b":{"0":[0,0],"1":[0,0]},"_coverageSchema":"1a1c01bbd47fc00a2c39e90264f33305004495a9","hash":"b3fe73e34ae8ceae5322776af82ee3baa21dfdc0"}
}
