TN:
SF:src/App-modern.js
FN:17,(anonymous_0)
FN:20,(anonymous_1)
FN:27,(anonymous_2)
FN:32,(anonymous_3)
FN:40,(anonymous_4)
FN:43,(anonymous_5)
FN:45,(anonymous_6)
FN:50,(anonymous_7)
FN:57,(anonymous_8)
FN:77,(anonymous_9)
FN:91,(anonymous_10)
FN:96,(anonymous_11)
FN:114,(anonymous_12)
FN:116,(anonymous_13)
FN:119,(anonymous_14)
FN:121,(anonymous_15)
FN:125,(anonymous_16)
FN:168,(anonymous_17)
FNF:18
FNH:0
FNDA:0,(anonymous_0)
FNDA:0,(anonymous_1)
FNDA:0,(anonymous_2)
FNDA:0,(anonymous_3)
FNDA:0,(anonymous_4)
FNDA:0,(anonymous_5)
FNDA:0,(anonymous_6)
FNDA:0,(anonymous_7)
FNDA:0,(anonymous_8)
FNDA:0,(anonymous_9)
FNDA:0,(anonymous_10)
FNDA:0,(anonymous_11)
FNDA:0,(anonymous_12)
FNDA:0,(anonymous_13)
FNDA:0,(anonymous_14)
FNDA:0,(anonymous_15)
FNDA:0,(anonymous_16)
FNDA:0,(anonymous_17)
DA:17,0
DA:18,0
DA:20,0
DA:21,0
DA:22,0
DA:23,0
DA:27,0
DA:28,0
DA:29,0
DA:32,0
DA:33,0
DA:34,0
DA:37,0
DA:40,0
DA:41,0
DA:43,0
DA:44,0
DA:45,0
DA:46,0
DA:50,0
DA:51,0
DA:54,0
DA:57,0
DA:59,0
DA:60,0
DA:65,0
DA:70,0
DA:73,0
DA:74,0
DA:77,0
DA:78,0
DA:79,0
DA:80,0
DA:81,0
DA:83,0
DA:84,0
DA:86,0
DA:91,0
DA:92,0
DA:96,0
DA:97,0
DA:98,0
DA:100,0
DA:101,0
DA:102,0
DA:103,0
DA:104,0
DA:106,0
DA:107,0
DA:109,0
DA:114,0
DA:115,0
DA:116,0
DA:119,0
DA:120,0
DA:121,0
DA:125,0
DA:126,0
DA:127,0
DA:129,0
DA:134,0
DA:135,0
DA:138,0
DA:140,0
DA:141,0
DA:146,0
DA:147,0
DA:148,0
DA:150,0
DA:155,0
DA:157,0
DA:158,0
DA:159,0
DA:160,0
DA:163,0
DA:168,0
DA:169,0
DA:170,0
DA:171,0
DA:172,0
DA:175,0
LF:81
LH:0
BRDA:22,0,0,0
BRDA:22,0,1,0
BRDA:134,1,0,0
BRDA:134,1,1,0
BRDA:151,2,0,0
BRDA:151,2,1,0
BRDA:157,3,0,0
BRDA:157,3,1,0
BRDA:159,4,0,0
BRDA:159,4,1,0
BRDA:183,5,0,0
BRDA:183,5,1,0
BRDA:183,5,2,0
BRF:13
BRH:0
end_of_record
TN:
SF:src/App.js
FN:22,(anonymous_0)
FN:25,(anonymous_1)
FN:27,(anonymous_2)
FN:32,(anonymous_3)
FN:39,(anonymous_4)
FN:57,(anonymous_5)
FN:59,(anonymous_6)
FN:65,(anonymous_7)
FN:79,(anonymous_8)
FN:109,(anonymous_9)
FN:116,(anonymous_10)
FNF:11
FNH:3
FNDA:1,(anonymous_0)
FNDA:0,(anonymous_1)
FNDA:0,(anonymous_2)
FNDA:0,(anonymous_3)
FNDA:1,(anonymous_4)
FNDA:0,(anonymous_5)
FNDA:0,(anonymous_6)
FNDA:0,(anonymous_7)
FNDA:0,(anonymous_8)
FNDA:0,(anonymous_9)
FNDA:1,(anonymous_10)
DA:22,1
DA:23,1
DA:25,1
DA:26,0
DA:27,0
DA:28,0
DA:32,1
DA:33,0
DA:36,1
DA:39,1
DA:41,1
DA:48,1
DA:49,1
DA:52,1
DA:53,1
DA:54,1
DA:57,1
DA:58,0
DA:59,0
DA:65,1
DA:66,0
DA:68,0
DA:69,0
DA:70,0
DA:71,0
DA:73,0
DA:74,0
DA:79,1
DA:80,0
DA:82,0
DA:85,0
DA:92,0
DA:93,0
DA:95,0
DA:98,0
DA:99,0
DA:102,0
DA:103,0
DA:104,0
DA:109,1
DA:110,0
DA:111,0
DA:112,0
DA:116,1
DA:117,1
DA:119,0
DA:120,0
DA:121,0
DA:124,0
DA:129,1
LF:50
LH:19
BRDA:52,0,0,1
BRDA:92,1,0,0
BRDA:92,1,1,0
BRDA:117,2,0,0
BRDA:117,2,1,1
BRDA:119,3,0,0
BRDA:119,3,1,0
BRDA:120,4,0,0
BRDA:120,4,1,0
BRDA:137,5,0,1
BRDA:137,5,1,0
BRDA:137,5,2,0
BRF:12
BRH:3
end_of_record
TN:
SF:src/index.js
FNF:0
FNH:0
DA:14,0
DA:23,0
DA:24,0
DA:26,0
LF:4
LH:0
BRF:0
BRH:0
end_of_record
TN:
SF:src/theme.js
FNF:0
FNH:0
DA:4,2
LF:1
LH:1
BRF:0
BRH:0
end_of_record
TN:
SF:src/components/About.jsx
FN:21,(anonymous_0)
FNF:1
FNH:0
FNDA:0,(anonymous_0)
DA:21,1
DA:22,0
LF:2
LH:1
BRF:0
BRH:0
end_of_record
TN:
SF:src/components/AddUser.jsx
FN:14,(anonymous_0)
FN:36,(anonymous_1)
FNF:2
FNH:0
FNDA:0,(anonymous_0)
FNDA:0,(anonymous_1)
DA:14,1
DA:15,0
DA:16,0
DA:25,0
DA:36,0
LF:5
LH:1
BRDA:15,0,0,0
BRDA:15,0,1,0
BRF:2
BRH:0
end_of_record
TN:
SF:src/components/AdminPanel.jsx
FN:27,(anonymous_0)
FN:36,(anonymous_1)
FN:40,(anonymous_2)
FN:63,(anonymous_3)
FN:86,(anonymous_4)
FN:109,(anonymous_5)
FN:127,(anonymous_6)
FN:154,(anonymous_7)
FN:195,(anonymous_8)
FN:240,(anonymous_9)
FN:281,(anonymous_10)
FNF:11
FNH:0
FNDA:0,(anonymous_0)
FNDA:0,(anonymous_1)
FNDA:0,(anonymous_2)
FNDA:0,(anonymous_3)
FNDA:0,(anonymous_4)
FNDA:0,(anonymous_5)
FNDA:0,(anonymous_6)
FNDA:0,(anonymous_7)
FNDA:0,(anonymous_8)
FNDA:0,(anonymous_9)
FNDA:0,(anonymous_10)
DA:27,1
DA:28,0
DA:29,0
DA:30,0
DA:31,0
DA:32,0
DA:33,0
DA:34,0
DA:36,0
DA:37,0
DA:40,0
DA:41,0
DA:42,0
DA:43,0
DA:44,0
DA:51,0
DA:52,0
DA:53,0
DA:55,0
DA:58,0
DA:60,0
DA:63,0
DA:64,0
DA:65,0
DA:66,0
DA:67,0
DA:74,0
DA:75,0
DA:76,0
DA:78,0
DA:81,0
DA:83,0
DA:86,0
DA:87,0
DA:88,0
DA:89,0
DA:90,0
DA:97,0
DA:98,0
DA:99,0
DA:101,0
DA:104,0
DA:106,0
DA:109,0
DA:110,0
DA:111,0
DA:112,0
DA:113,0
DA:117,0
DA:118,0
DA:127,0
DA:128,0
DA:129,0
DA:130,0
DA:131,0
DA:132,0
DA:133,0
DA:135,0
DA:139,0
DA:154,0
DA:196,0
DA:241,0
DA:282,0
LF:63
LH:1
BRDA:51,0,0,0
BRDA:51,0,1,0
BRDA:74,1,0,0
BRDA:74,1,1,0
BRDA:97,2,0,0
BRDA:97,2,1,0
BRDA:110,3,0,0
BRDA:110,3,1,0
BRDA:111,4,0,0
BRDA:111,4,1,0
BRDA:112,5,0,0
BRDA:112,5,1,0
BRDA:113,6,0,0
BRDA:113,6,1,0
BRDA:117,7,0,0
BRDA:117,7,1,0
BRDA:128,8,0,0
BRDA:128,8,1,0
BRDA:130,9,0,0
BRDA:130,9,1,0
BRDA:132,10,0,0
BRDA:132,10,1,0
BRDA:150,11,0,0
BRDA:150,11,1,0
BRDA:179,12,0,0
BRDA:179,12,1,0
BRDA:203,13,0,0
BRDA:203,13,1,0
BRDA:204,14,0,0
BRDA:204,14,1,0
BRDA:209,15,0,0
BRDA:209,15,1,0
BRDA:223,16,0,0
BRDA:223,16,1,0
BRDA:248,17,0,0
BRDA:248,17,1,0
BRDA:249,18,0,0
BRDA:249,18,1,0
BRDA:264,19,0,0
BRDA:264,19,1,0
BRDA:311,20,0,0
BRDA:311,20,1,0
BRF:42
BRH:0
end_of_record
TN:
SF:src/components/AuthComponent.jsx
FN:6,(anonymous_0)
FN:24,(anonymous_1)
FN:26,(anonymous_2)
FN:31,(anonymous_3)
FN:37,(anonymous_4)
FN:42,(anonymous_5)
FN:114,(anonymous_6)
FN:115,(anonymous_7)
FN:125,(anonymous_8)
FNF:9
FNH:0
FNDA:0,(anonymous_0)
FNDA:0,(anonymous_1)
FNDA:0,(anonymous_2)
FNDA:0,(anonymous_3)
FNDA:0,(anonymous_4)
FNDA:0,(anonymous_5)
FNDA:0,(anonymous_6)
FNDA:0,(anonymous_7)
FNDA:0,(anonymous_8)
DA:7,0
DA:8,0
DA:19,0
DA:20,0
DA:21,0
DA:26,0
DA:27,0
DA:32,0
DA:33,0
DA:38,0
DA:39,0
DA:43,0
DA:45,0
DA:48,0
DA:49,0
DA:50,0
DA:53,0
DA:54,0
DA:55,0
DA:56,0
DA:58,0
DA:59,0
DA:60,0
DA:64,0
DA:66,0
DA:67,0
DA:69,0
DA:70,0
DA:73,0
DA:80,0
DA:81,0
DA:85,0
DA:90,0
DA:93,0
DA:102,0
DA:103,0
DA:107,0
DA:115,0
DA:135,0
DA:137,0
LF:40
LH:0
BRDA:32,0,0,0
BRDA:32,0,1,0
BRDA:48,1,0,0
BRDA:48,1,1,0
BRDA:48,2,0,0
BRDA:48,2,1,0
BRDA:53,3,0,0
BRDA:53,3,1,0
BRDA:54,4,0,0
BRDA:54,4,1,0
BRDA:58,5,0,0
BRDA:58,5,1,0
BRDA:67,6,0,0
BRDA:67,6,1,0
BRDA:80,7,0,0
BRDA:80,7,1,0
BRDA:102,8,0,0
BRDA:102,8,1,0
BRDA:140,9,0,0
BRDA:140,9,1,0
BRDA:141,10,0,0
BRDA:141,10,1,0
BRDA:148,11,0,0
BRDA:148,11,1,0
BRDA:155,12,0,0
BRDA:155,12,1,0
BRDA:182,13,0,0
BRDA:182,13,1,0
BRDA:222,14,0,0
BRDA:222,14,1,0
BRDA:246,15,0,0
BRDA:246,15,1,0
BRDA:250,16,0,0
BRDA:250,16,1,0
BRDA:263,17,0,0
BRDA:263,17,1,0
BRDA:271,18,0,0
BRDA:271,18,1,0
BRF:38
BRH:0
end_of_record
TN:
SF:src/components/ConflictResolver.jsx
FN:5,(anonymous_0)
FN:19,(anonymous_1)
FN:30,(anonymous_2)
FN:36,(anonymous_3)
FN:38,(anonymous_4)
FN:46,(anonymous_5)
FN:52,(anonymous_6)
FN:53,(anonymous_7)
FN:60,(anonymous_8)
FN:68,(anonymous_9)
FN:69,(anonymous_10)
FN:77,(anonymous_11)
FN:156,(anonymous_12)
FN:168,(anonymous_13)
FN:179,(anonymous_14)
FN:185,(anonymous_15)
FN:191,(anonymous_16)
FN:197,(anonymous_17)
FN:219,(anonymous_18)
FN:230,(anonymous_19)
FN:241,(anonymous_20)
FNF:21
FNH:0
FNDA:0,(anonymous_0)
FNDA:0,(anonymous_1)
FNDA:0,(anonymous_2)
FNDA:0,(anonymous_3)
FNDA:0,(anonymous_4)
FNDA:0,(anonymous_5)
FNDA:0,(anonymous_6)
FNDA:0,(anonymous_7)
FNDA:0,(anonymous_8)
FNDA:0,(anonymous_9)
FNDA:0,(anonymous_10)
FNDA:0,(anonymous_11)
FNDA:0,(anonymous_12)
FNDA:0,(anonymous_13)
FNDA:0,(anonymous_14)
FNDA:0,(anonymous_15)
FNDA:0,(anonymous_16)
FNDA:0,(anonymous_17)
FNDA:0,(anonymous_18)
FNDA:0,(anonymous_19)
FNDA:0,(anonymous_20)
DA:6,0
DA:7,0
DA:14,0
DA:15,0
DA:16,0
DA:21,0
DA:24,0
DA:25,0
DA:26,0
DA:31,0
DA:32,0
DA:37,0
DA:38,0
DA:47,0
DA:48,0
DA:50,0
DA:52,0
DA:53,0
DA:61,0
DA:69,0
DA:78,0
DA:80,0
DA:82,0
DA:84,0
DA:156,0
DA:168,0
DA:179,0
DA:185,0
DA:191,0
DA:197,0
DA:220,0
DA:222,0
DA:224,0
DA:230,0
DA:242,0
LF:35
LH:0
BRDA:25,0,0,0
BRDA:25,0,1,0
BRDA:31,1,0,0
BRDA:31,1,1,0
BRDA:37,2,0,0
BRDA:37,2,1,0
BRDA:46,3,0,0
BRDA:48,4,0,0
BRDA:48,4,1,0
BRDA:80,5,0,0
BRDA:80,5,1,0
BRDA:80,6,0,0
BRDA:80,6,1,0
BRDA:115,7,0,0
BRDA:115,7,1,0
BRDA:118,8,0,0
BRDA:118,8,1,0
BRDA:134,9,0,0
BRDA:134,9,1,0
BRDA:137,10,0,0
BRDA:137,10,1,0
BRDA:155,11,0,0
BRDA:155,11,1,0
BRDA:167,12,0,0
BRDA:167,12,1,0
BRDA:200,13,0,0
BRDA:200,13,1,0
BRDA:202,14,0,0
BRDA:202,14,1,0
BRDA:222,15,0,0
BRDA:222,15,1,0
BRDA:226,16,0,0
BRDA:226,16,1,0
BRF:33
BRH:0
end_of_record
TN:
SF:src/components/Logout.jsx
FN:15,(anonymous_0)
FN:19,(anonymous_1)
FNF:2
FNH:0
FNDA:0,(anonymous_0)
FNDA:0,(anonymous_1)
DA:16,0
DA:20,0
LF:2
LH:0
BRF:0
BRH:0
end_of_record
TN:
SF:src/components/Message.jsx
FN:3,(anonymous_0)
FNF:1
FNH:1
FNDA:2,(anonymous_0)
DA:3,2
DA:4,2
LF:2
LH:2
BRF:0
BRH:0
end_of_record
TN:
SF:src/components/ModernAddUser.jsx
FN:23,(anonymous_0)
FN:36,(anonymous_1)
FNF:2
FNH:0
FNDA:0,(anonymous_0)
FNDA:0,(anonymous_1)
DA:17,1
DA:23,1
DA:24,0
DA:31,0
DA:36,0
DA:37,0
DA:38,0
DA:39,0
DA:42,0
DA:46,0
DA:47,0
DA:56,0
LF:12
LH:2
BRDA:46,0,0,0
BRDA:46,0,1,0
BRDA:62,1,0,0
BRDA:62,1,1,0
BRDA:64,2,0,0
BRDA:64,2,1,0
BRDA:68,3,0,0
BRDA:68,3,1,0
BRDA:118,4,0,0
BRDA:118,4,1,0
BRDA:120,5,0,0
BRDA:120,5,1,0
BRF:12
BRH:0
end_of_record
TN:
SF:src/components/ModernDemo.jsx
FN:20,TabPanel
FN:38,(anonymous_1)
FN:42,(anonymous_2)
FN:109,(anonymous_3)
FN:110,(anonymous_4)
FNF:5
FNH:0
FNDA:0,TabPanel
FNDA:0,(anonymous_1)
FNDA:0,(anonymous_2)
FNDA:0,(anonymous_3)
FNDA:0,(anonymous_4)
DA:21,0
DA:38,1
DA:39,0
DA:40,0
DA:42,0
DA:43,0
DA:46,0
LF:7
LH:1
BRDA:29,0,0,0
BRDA:29,0,1,0
BRF:2
BRH:0
end_of_record
TN:
SF:src/components/ModernForm.jsx
FN:29,(anonymous_0)
FN:44,(anonymous_1)
FN:50,(anonymous_2)
FN:53,(anonymous_3)
FNF:4
FNH:0
FNDA:0,(anonymous_0)
FNDA:0,(anonymous_1)
FNDA:0,(anonymous_2)
FNDA:0,(anonymous_3)
DA:18,0
DA:23,0
DA:29,0
DA:30,0
DA:31,0
DA:32,0
DA:38,0
DA:44,0
DA:45,0
DA:46,0
DA:50,0
DA:52,0
DA:65,0
DA:68,0
LF:14
LH:0
BRDA:31,0,0,0
BRDA:31,0,1,0
BRDA:45,1,0,0
BRDA:45,1,1,0
BRDA:84,2,0,0
BRDA:84,2,1,0
BRDA:131,3,0,0
BRDA:131,3,1,0
BRDA:132,4,0,0
BRDA:132,4,1,0
BRDA:134,5,0,0
BRDA:134,5,1,0
BRDA:138,6,0,0
BRDA:138,6,1,0
BRF:14
BRH:0
end_of_record
TN:
SF:src/components/ModernUsersList.jsx
FN:18,(anonymous_0)
FN:68,(anonymous_1)
FNF:2
FNH:0
FNDA:0,(anonymous_0)
FNDA:0,(anonymous_1)
DA:18,1
DA:19,0
DA:21,0
DA:22,0
DA:37,0
DA:38,0
DA:50,0
DA:69,0
LF:8
LH:1
BRDA:19,0,0,0
BRDA:21,1,0,0
BRDA:21,1,1,0
BRDA:37,2,0,0
BRDA:37,2,1,0
BRDA:44,3,0,0
BRDA:44,3,1,0
BRDA:56,4,0,0
BRDA:56,4,1,0
BRDA:83,5,0,0
BRDA:83,5,1,0
BRDA:84,6,0,0
BRDA:84,6,1,0
BRF:13
BRH:0
end_of_record
TN:
SF:src/components/NavBar.jsx
FN:31,(anonymous_0)
FN:38,(anonymous_1)
FN:42,(anonymous_2)
FN:46,(anonymous_3)
FN:50,(anonymous_4)
FN:69,(anonymous_5)
FN:72,(anonymous_6)
FN:138,(anonymous_7)
FN:162,(anonymous_8)
FN:185,(anonymous_9)
FN:211,(anonymous_10)
FNF:11
FNH:8
FNDA:1,(anonymous_0)
FNDA:0,(anonymous_1)
FNDA:0,(anonymous_2)
FNDA:0,(anonymous_3)
FNDA:12,(anonymous_4)
FNDA:1,(anonymous_5)
FNDA:4,(anonymous_6)
FNDA:2,(anonymous_7)
FNDA:1,(anonymous_8)
FNDA:4,(anonymous_9)
FNDA:2,(anonymous_10)
DA:31,1
DA:32,1
DA:33,1
DA:34,1
DA:35,1
DA:36,1
DA:38,1
DA:39,0
DA:42,1
DA:43,0
DA:46,1
DA:47,0
DA:50,1
DA:51,12
DA:54,1
DA:61,1
DA:69,1
DA:70,1
DA:73,4
DA:139,2
DA:162,1
DA:163,1
DA:186,4
DA:212,2
DA:235,1
LF:25
LH:22
BRDA:31,0,0,0
BRDA:61,1,0,0
BRDA:61,1,1,1
BRDA:80,2,0,1
BRDA:80,2,1,3
BRDA:81,3,0,1
BRDA:81,3,1,3
BRDA:92,4,0,1
BRDA:92,4,1,0
BRDA:136,5,0,1
BRDA:136,5,1,1
BRDA:144,6,0,1
BRDA:144,6,1,1
BRDA:147,7,0,1
BRDA:147,7,1,1
BRDA:148,8,0,1
BRDA:148,8,1,1
BRDA:150,9,0,1
BRDA:150,9,1,1
BRDA:192,10,0,1
BRDA:192,10,1,3
BRDA:246,11,0,1
BRDA:246,11,1,0
BRDA:265,12,0,0
BRDA:265,12,1,1
BRF:25
BRH:20
end_of_record
TN:
SF:src/components/NotificationSystem.jsx
FN:4,(anonymous_0)
FN:17,(anonymous_1)
FN:30,(anonymous_2)
FN:35,(anonymous_3)
FN:53,(anonymous_4)
FN:68,(anonymous_5)
FN:144,(anonymous_6)
FNF:7
FNH:0
FNDA:0,(anonymous_0)
FNDA:0,(anonymous_1)
FNDA:0,(anonymous_2)
FNDA:0,(anonymous_3)
FNDA:0,(anonymous_4)
FNDA:0,(anonymous_5)
FNDA:0,(anonymous_6)
DA:5,0
DA:6,0
DA:7,0
DA:8,0
DA:9,0
DA:10,0
DA:11,0
DA:12,0
DA:13,0
DA:18,0
DA:19,0
DA:20,0
DA:21,0
DA:22,0
DA:23,0
DA:24,0
DA:25,0
DA:26,0
DA:31,0
DA:32,0
DA:36,0
DA:38,0
DA:39,0
DA:42,0
DA:54,0
DA:68,0
DA:145,0
DA:146,0
DA:147,0
DA:148,0
DA:149,0
DA:150,0
DA:151,0
DA:152,0
DA:153,0
LF:35
LH:0
BRDA:5,0,0,0
BRDA:5,0,1,0
BRDA:5,0,2,0
BRDA:5,0,3,0
BRDA:5,0,4,0
BRDA:5,0,5,0
BRDA:5,0,6,0
BRDA:5,0,7,0
BRDA:18,1,0,0
BRDA:18,1,1,0
BRDA:18,1,2,0
BRDA:18,1,3,0
BRDA:18,1,4,0
BRDA:18,1,5,0
BRDA:18,1,6,0
BRDA:18,1,7,0
BRDA:38,2,0,0
BRDA:38,2,1,0
BRDA:38,3,0,0
BRDA:38,3,1,0
BRDA:88,4,0,0
BRDA:88,4,1,0
BRDA:106,5,0,0
BRDA:106,5,1,0
BRDA:106,5,2,0
BRDA:145,6,0,0
BRDA:145,6,1,0
BRDA:145,6,2,0
BRDA:145,6,3,0
BRDA:145,6,4,0
BRDA:145,6,5,0
BRDA:145,6,6,0
BRDA:145,6,7,0
BRF:33
BRH:0
end_of_record
TN:
SF:src/components/TestingDemo.jsx
FN:17,(anonymous_0)
FN:85,(anonymous_1)
FN:93,(anonymous_2)
FN:101,(anonymous_3)
FN:109,(anonymous_4)
FN:171,(anonymous_5)
FN:178,(anonymous_6)
FN:194,(anonymous_7)
FNF:8
FNH:0
FNDA:0,(anonymous_0)
FNDA:0,(anonymous_1)
FNDA:0,(anonymous_2)
FNDA:0,(anonymous_3)
FNDA:0,(anonymous_4)
FNDA:0,(anonymous_5)
FNDA:0,(anonymous_6)
FNDA:0,(anonymous_7)
DA:17,1
DA:18,0
DA:20,0
DA:47,0
DA:70,0
DA:85,0
DA:93,0
DA:101,0
DA:109,0
DA:172,0
DA:179,0
DA:195,0
LF:12
LH:1
BRDA:84,0,0,0
BRDA:84,0,1,0
BRDA:92,1,0,0
BRDA:92,1,1,0
BRDA:100,2,0,0
BRDA:100,2,1,0
BRDA:108,3,0,0
BRDA:108,3,1,0
BRDA:117,4,0,0
BRDA:117,4,1,0
BRDA:169,5,0,0
BRDA:169,5,1,0
BRDA:192,6,0,0
BRDA:192,6,1,0
BRDA:214,7,0,0
BRDA:214,7,1,0
BRF:16
BRH:0
end_of_record
TN:
SF:src/components/UserStatus.jsx
FN:5,(anonymous_0)
FN:16,(anonymous_1)
FN:47,(anonymous_2)
FNF:3
FNH:0
FNDA:0,(anonymous_0)
FNDA:0,(anonymous_1)
FNDA:0,(anonymous_2)
DA:5,1
DA:6,0
DA:13,0
DA:14,0
DA:16,0
DA:17,0
DA:18,0
DA:19,0
DA:28,0
DA:29,0
DA:31,0
DA:38,0
DA:40,0
DA:41,0
DA:43,0
DA:47,0
DA:48,0
DA:49,0
DA:51,0
DA:55,0
DA:56,0
DA:69,0
DA:70,0
DA:83,0
DA:84,0
DA:97,0
LF:26
LH:1
BRDA:48,0,0,0
BRDA:48,0,1,0
BRDA:55,1,0,0
BRDA:55,1,1,0
BRDA:69,2,0,0
BRDA:69,2,1,0
BRDA:83,3,0,0
BRDA:83,3,1,0
BRF:8
BRH:0
end_of_record
TN:
SF:src/components/UsersList.jsx
FN:15,(anonymous_0)
FN:68,(anonymous_1)
FNF:2
FNH:1
FNDA:1,(anonymous_0)
FNDA:0,(anonymous_1)
DA:15,1
DA:16,1
DA:17,1
DA:27,0
DA:28,0
DA:48,0
DA:69,0
LF:7
LH:3
BRDA:16,0,0,1
BRDA:16,0,1,0
BRDA:27,1,0,0
BRDA:27,1,1,0
BRDA:27,2,0,0
BRDA:27,2,1,0
BRDA:76,3,0,0
BRDA:76,3,1,0
BRDA:84,4,0,0
BRDA:84,4,1,0
BRF:10
BRH:1
end_of_record
TN:
SF:src/components/forms/Form.jsx
FN:19,(anonymous_0)
FN:33,(anonymous_1)
FN:42,(anonymous_2)
FN:49,(anonymous_3)
FN:50,(anonymous_4)
FN:51,(anonymous_5)
FN:58,(anonymous_6)
FN:60,(anonymous_7)
FN:64,(anonymous_8)
FN:74,(anonymous_9)
FN:84,(anonymous_10)
FN:89,(anonymous_11)
FN:91,(anonymous_12)
FN:98,(anonymous_13)
FN:129,(anonymous_14)
FN:135,(anonymous_15)
FN:141,(anonymous_16)
FNF:17
FNH:12
FNDA:9,(anonymous_0)
FNDA:6,(anonymous_1)
FNDA:4,(anonymous_2)
FNDA:6,(anonymous_3)
FNDA:24,(anonymous_4)
FNDA:12,(anonymous_5)
FNDA:0,(anonymous_6)
FNDA:0,(anonymous_7)
FNDA:6,(anonymous_8)
FNDA:4,(anonymous_9)
FNDA:2,(anonymous_10)
FNDA:0,(anonymous_11)
FNDA:0,(anonymous_12)
FNDA:0,(anonymous_13)
FNDA:3,(anonymous_14)
FNDA:3,(anonymous_15)
FNDA:6,(anonymous_16)
DA:19,1
DA:21,9
DA:28,9
DA:29,9
DA:30,9
DA:33,9
DA:34,6
DA:42,9
DA:44,4
DA:45,4
DA:49,9
DA:50,24
DA:51,12
DA:52,6
DA:53,6
DA:54,6
DA:58,9
DA:59,0
DA:60,0
DA:64,9
DA:66,6
DA:67,4
DA:68,4
DA:69,4
DA:70,4
DA:71,4
DA:72,4
DA:74,4
DA:78,6
DA:79,2
DA:80,2
DA:81,2
DA:82,2
DA:84,2
DA:89,9
DA:90,0
DA:91,0
DA:98,9
DA:99,0
DA:100,0
DA:102,0
DA:107,0
DA:108,0
DA:111,0
DA:113,0
DA:114,0
DA:115,0
DA:116,0
DA:118,0
DA:119,0
DA:120,0
DA:122,0
DA:123,0
DA:129,9
DA:130,3
DA:131,3
DA:135,9
DA:136,3
DA:137,3
DA:141,9
DA:142,6
DA:145,9
DA:146,0
DA:149,9
DA:150,9
DA:151,9
DA:153,9
LF:67
LH:47
BRDA:59,0,0,0
BRDA:59,0,1,0
BRDA:66,1,0,4
BRDA:66,1,1,2
BRDA:68,2,0,0
BRDA:68,2,1,4
BRDA:69,3,0,0
BRDA:69,3,1,4
BRDA:70,4,0,0
BRDA:70,4,1,4
BRDA:71,5,0,0
BRDA:71,5,1,4
BRDA:78,6,0,2
BRDA:78,6,1,4
BRDA:80,7,0,0
BRDA:80,7,1,2
BRDA:81,8,0,0
BRDA:81,8,1,2
BRDA:107,9,0,0
BRDA:107,9,1,0
BRDA:119,10,0,0
BRDA:119,10,1,0
BRDA:122,11,0,0
BRDA:122,11,1,0
BRDA:145,12,0,0
BRDA:145,12,1,9
BRDA:151,13,0,6
BRDA:151,13,1,3
BRDA:158,14,0,9
BRDA:158,14,1,3
BRDA:159,15,0,9
BRDA:159,15,1,6
BRDA:161,16,0,3
BRDA:161,16,1,6
BRDA:173,17,0,9
BRDA:173,17,1,6
BRDA:225,18,0,0
BRDA:225,18,1,9
BRDA:229,19,0,0
BRDA:229,19,1,9
BRDA:230,20,0,0
BRDA:230,20,1,9
BRF:42
BRH:24
end_of_record
TN:
SF:src/components/forms/FormErrors.jsx
FN:5,(anonymous_0)
FN:9,(anonymous_1)
FNF:2
FNH:2
FNDA:13,(anonymous_0)
FNDA:42,(anonymous_1)
DA:5,2
DA:6,13
DA:10,42
LF:3
LH:3
BRDA:12,0,0,0
BRDA:12,0,1,42
BRDA:18,1,0,0
BRDA:18,1,1,42
BRDA:21,2,0,0
BRDA:21,2,1,42
BRDA:29,3,0,0
BRDA:29,3,1,42
BRF:8
BRH:4
end_of_record
TN:
SF:src/components/forms/SimpleForm.jsx
FN:18,(anonymous_0)
FN:25,(anonymous_1)
FN:27,(anonymous_2)
FN:33,(anonymous_3)
FNF:4
FNH:0
FNDA:0,(anonymous_0)
FNDA:0,(anonymous_1)
FNDA:0,(anonymous_2)
FNDA:0,(anonymous_3)
DA:18,1
DA:19,0
DA:25,0
DA:26,0
DA:27,0
DA:33,0
DA:34,0
DA:35,0
DA:37,0
DA:42,0
DA:43,0
DA:46,0
DA:48,0
DA:49,0
DA:50,0
DA:52,0
DA:53,0
DA:55,0
DA:56,0
DA:57,0
DA:59,0
DA:60,0
DA:65,0
DA:66,0
DA:69,0
DA:70,0
DA:72,0
LF:27
LH:1
BRDA:42,0,0,0
BRDA:42,0,1,0
BRDA:52,1,0,0
BRDA:52,1,1,0
BRDA:56,2,0,0
BRDA:56,2,1,0
BRDA:59,3,0,0
BRDA:59,3,1,0
BRDA:65,4,0,0
BRDA:65,4,1,0
BRDA:77,5,0,0
BRDA:77,5,1,0
BRDA:78,6,0,0
BRDA:78,6,1,0
BRDA:80,7,0,0
BRDA:80,7,1,0
BRDA:87,8,0,0
BRDA:87,8,1,0
BRDA:138,9,0,0
BRDA:138,9,1,0
BRF:20
BRH:0
end_of_record
TN:
SF:src/components/forms/form-rules.js
FNF:0
FNH:0
DA:1,2
DA:28,2
LF:2
LH:2
BRF:0
BRH:0
end_of_record
TN:
SF:src/context/AuthContext.js
FN:4,(anonymous_0)
FN:28,(anonymous_1)
FN:32,(anonymous_2)
FN:36,(anonymous_3)
FN:64,(anonymous_4)
FN:70,(anonymous_5)
FN:97,(anonymous_6)
FN:102,(anonymous_7)
FN:121,(anonymous_8)
FNF:9
FNH:3
FNDA:0,(anonymous_0)
FNDA:1,(anonymous_1)
FNDA:1,(anonymous_2)
FNDA:0,(anonymous_3)
FNDA:0,(anonymous_4)
FNDA:0,(anonymous_5)
FNDA:0,(anonymous_6)
FNDA:0,(anonymous_7)
FNDA:1,(anonymous_8)
DA:4,1
DA:5,0
DA:7,0
DA:9,0
DA:11,0
DA:13,0
DA:18,1
DA:25,1
DA:28,1
DA:29,1
DA:32,1
DA:33,1
DA:34,1
DA:36,0
DA:37,0
DA:38,0
DA:45,0
DA:46,0
DA:47,0
DA:50,0
DA:51,0
DA:54,0
DA:55,0
DA:56,0
DA:60,0
DA:64,1
DA:65,0
DA:66,0
DA:67,0
DA:70,0
DA:71,0
DA:72,0
DA:79,0
DA:80,0
DA:81,0
DA:83,0
DA:84,0
DA:87,0
DA:88,0
DA:89,0
DA:93,0
DA:97,1
DA:98,0
DA:99,0
DA:102,1
DA:103,0
DA:106,1
DA:113,1
DA:121,1
DA:122,1
DA:123,1
DA:124,0
DA:126,1
LF:53
LH:17
BRDA:5,0,0,0
BRDA:5,0,1,0
BRDA:5,0,2,0
BRDA:5,0,3,0
BRDA:34,1,0,0
BRDA:34,1,1,1
BRDA:45,2,0,0
BRDA:45,2,1,0
BRDA:64,3,0,0
BRDA:66,4,0,0
BRDA:66,4,1,0
BRDA:79,5,0,0
BRDA:79,5,1,0
BRDA:123,6,0,0
BRDA:123,6,1,1
BRF:15
BRH:2
end_of_record
TN:
SF:src/hooks/useUsers.js
FN:7,(anonymous_0)
FN:10,(anonymous_1)
FN:15,(anonymous_2)
FN:23,(anonymous_3)
FN:28,(anonymous_4)
FN:32,(anonymous_5)
FN:36,(anonymous_6)
FN:44,(anonymous_7)
FN:48,(anonymous_8)
FN:52,(anonymous_9)
FN:59,(anonymous_10)
FN:63,(anonymous_11)
FNF:12
FNH:4
FNDA:1,(anonymous_0)
FNDA:1,(anonymous_1)
FNDA:0,(anonymous_2)
FNDA:0,(anonymous_3)
FNDA:1,(anonymous_4)
FNDA:0,(anonymous_5)
FNDA:0,(anonymous_6)
FNDA:1,(anonymous_7)
FNDA:0,(anonymous_8)
FNDA:0,(anonymous_9)
FNDA:0,(anonymous_10)
FNDA:0,(anonymous_11)
DA:4,1
DA:7,1
DA:8,1
DA:11,1
DA:12,0
DA:17,0
DA:18,0
DA:21,0
DA:23,0
DA:28,1
DA:29,1
DA:31,1
DA:33,0
DA:34,0
DA:38,0
DA:44,1
DA:45,1
DA:47,1
DA:49,0
DA:50,0
DA:53,0
DA:54,0
DA:58,1
DA:60,0
DA:61,0
DA:64,0
DA:65,0
DA:69,1
LF:28
LH:12
BRDA:17,0,0,0
BRDA:17,0,1,0
BRDA:17,1,0,0
BRDA:17,1,1,0
BRF:4
BRH:0
end_of_record
